[ 2014-08-11T01:00:17+08:00 ] 61.135.190.199 /
INFO: [ app_begin ] --START--
INFO: Run ReadHtmlCache Behavior [ RunTime:0.000000s ]
INFO: [ app_begin ] --END-- [ RunTime:0.000000s ]
NOTIC: [8] Undefined index: VAR_SESSION_ID C:\upupw\htdocs\pigcms0806\Common\functions.php 第 498 行.
NOTIC: [8] Undefined index: name_id C:\upupw\htdocs\pigcms0806\Common\functions.php 第 499 行.
SQL: SHOW COLUMNS FROM `tp_links` [ RunTime:0.000000s ]
SQL: SELECT * FROM `tp_links` WHERE ( `status` = 1 )  [ RunTime:0.000000s ]
INFO: [ view_template ] --START--
INFO: Run LocationTemplate Behavior [ RunTime:-0.046875s ]
INFO: [ view_template ] --END-- [ RunTime:0.000000s ]
INFO: [ view_parse ] --START--
NOTIC: [8] Use of undefined constant uid - assumed 'uid' C:\upupw\htdocs\pigcms0806\Conf\logs\Cache\Home\921d53177c151344e729eca7c171fe97.php 第 31 行.
NOTIC: [8] Undefined index: uid C:\upupw\htdocs\pigcms0806\Conf\logs\Cache\Home\921d53177c151344e729eca7c171fe97.php 第 31 行.
INFO: Run ParseTemplate Behavior [ RunTime:-0.046875s ]
INFO: [ view_parse ] --END-- [ RunTime:0.031251s ]
INFO: [ view_filter ] --START--
INFO: Run ContentReplace Behavior [ RunTime:-0.078126s ]
INFO: Run TokenBuild Behavior [ RunTime:-0.078126s ]
INFO: Run WriteHtmlCache Behavior [ RunTime:-0.078126s ]
INFO: Run ShowRuntime Behavior [ RunTime:-0.093751s ]
INFO: [ view_filter ] --END-- [ RunTime:0.015625s ]
INFO: [ view_end ] --START--
INFO: Run ShowPageTrace Behavior [ RunTime:-0.093751s ]
INFO: [ view_end ] --END-- [ RunTime:0.000000s ]

[ 2014-08-11T05:10:49+08:00 ] 220.181.51.139 /
INFO: [ app_begin ] --START--
INFO: Run ReadHtmlCache Behavior [ RunTime:0.015626s ]
INFO: [ app_begin ] --END-- [ RunTime:0.015626s ]
NOTIC: [8] Undefined index: VAR_SESSION_ID C:\upupw\htdocs\pigcms0806\Common\functions.php 第 498 行.
NOTIC: [8] Undefined index: name_id C:\upupw\htdocs\pigcms0806\Common\functions.php 第 499 行.
SQL: SHOW COLUMNS FROM `tp_links` [ RunTime:0.000000s ]
SQL: SELECT * FROM `tp_links` WHERE ( `status` = 1 )  [ RunTime:0.000000s ]
INFO: [ view_template ] --START--
INFO: Run LocationTemplate Behavior [ RunTime:-0.031250s ]
INFO: [ view_template ] --END-- [ RunTime:0.000000s ]
INFO: [ view_parse ] --START--
NOTIC: [8] Use of undefined constant uid - assumed 'uid' C:\upupw\htdocs\pigcms0806\Conf\logs\Cache\Home\921d53177c151344e729eca7c171fe97.php 第 31 行.
NOTIC: [8] Undefined index: uid C:\upupw\htdocs\pigcms0806\Conf\logs\Cache\Home\921d53177c151344e729eca7c171fe97.php 第 31 行.
INFO: Run ParseTemplate Behavior [ RunTime:-0.031250s ]
INFO: [ view_parse ] --END-- [ RunTime:0.031251s ]
INFO: [ view_filter ] --START--
INFO: Run ContentReplace Behavior [ RunTime:-0.062501s ]
INFO: Run TokenBuild Behavior [ RunTime:-0.078126s ]
INFO: Run WriteHtmlCache Behavior [ RunTime:-0.078126s ]
INFO: Run ShowRuntime Behavior [ RunTime:-0.078126s ]
INFO: [ view_filter ] --END-- [ RunTime:0.015625s ]
INFO: [ view_end ] --START--
INFO: Run ShowPageTrace Behavior [ RunTime:-0.078126s ]
INFO: [ view_end ] --END-- [ RunTime:0.000000s ]

[ 2014-08-11T08:20:56+08:00 ] 220.181.51.142 /
INFO: [ app_begin ] --START--
INFO: Run ReadHtmlCache Behavior [ RunTime:0.000000s ]
INFO: [ app_begin ] --END-- [ RunTime:0.000000s ]
NOTIC: [8] Undefined index: VAR_SESSION_ID C:\upupw\htdocs\pigcms0806\Common\functions.php 第 498 行.
NOTIC: [8] Undefined index: name_id C:\upupw\htdocs\pigcms0806\Common\functions.php 第 499 行.
SQL: SHOW COLUMNS FROM `tp_links` [ RunTime:0.000000s ]
SQL: SELECT * FROM `tp_links` WHERE ( `status` = 1 )  [ RunTime:0.000000s ]
INFO: [ view_template ] --START--
INFO: Run LocationTemplate Behavior [ RunTime:-0.031250s ]
INFO: [ view_template ] --END-- [ RunTime:0.015626s ]
INFO: [ view_parse ] --START--
NOTIC: [8] Use of undefined constant uid - assumed 'uid' C:\upupw\htdocs\pigcms0806\Conf\logs\Cache\Home\921d53177c151344e729eca7c171fe97.php 第 31 行.
NOTIC: [8] Undefined index: uid C:\upupw\htdocs\pigcms0806\Conf\logs\Cache\Home\921d53177c151344e729eca7c171fe97.php 第 31 行.
INFO: Run ParseTemplate Behavior [ RunTime:-0.046876s ]
INFO: [ view_parse ] --END-- [ RunTime:0.031250s ]
INFO: [ view_filter ] --START--
INFO: Run ContentReplace Behavior [ RunTime:-0.078126s ]
INFO: Run TokenBuild Behavior [ RunTime:-0.078126s ]
INFO: Run WriteHtmlCache Behavior [ RunTime:-0.078126s ]
INFO: Run ShowRuntime Behavior [ RunTime:-0.078126s ]
INFO: [ view_filter ] --END-- [ RunTime:0.015625s ]
INFO: [ view_end ] --START--
INFO: Run ShowPageTrace Behavior [ RunTime:-0.093751s ]
INFO: [ view_end ] --END-- [ RunTime:0.000000s ]

[ 2014-08-11T11:17:55+08:00 ] 220.181.51.140 /
INFO: [ app_begin ] --START--
INFO: Run ReadHtmlCache Behavior [ RunTime:0.000000s ]
INFO: [ app_begin ] --END-- [ RunTime:0.000000s ]
NOTIC: [8] Undefined index: VAR_SESSION_ID C:\upupw\htdocs\pigcms0806\Common\functions.php 第 498 行.
NOTIC: [8] Undefined index: name_id C:\upupw\htdocs\pigcms0806\Common\functions.php 第 499 行.
SQL: SHOW COLUMNS FROM `tp_links` [ RunTime:0.000000s ]
SQL: SELECT * FROM `tp_links` WHERE ( `status` = 1 )  [ RunTime:0.000000s ]
INFO: [ view_template ] --START--
INFO: Run LocationTemplate Behavior [ RunTime:-0.031251s ]
INFO: [ view_template ] --END-- [ RunTime:0.000000s ]
INFO: [ view_parse ] --START--
NOTIC: [8] Use of undefined constant uid - assumed 'uid' C:\upupw\htdocs\pigcms0806\Conf\logs\Cache\Home\921d53177c151344e729eca7c171fe97.php 第 31 行.
NOTIC: [8] Undefined index: uid C:\upupw\htdocs\pigcms0806\Conf\logs\Cache\Home\921d53177c151344e729eca7c171fe97.php 第 31 行.
INFO: Run ParseTemplate Behavior [ RunTime:-0.031251s ]
INFO: [ view_parse ] --END-- [ RunTime:0.046875s ]
INFO: [ view_filter ] --START--
INFO: Run ContentReplace Behavior [ RunTime:-0.078126s ]
INFO: Run TokenBuild Behavior [ RunTime:-0.078126s ]
INFO: Run WriteHtmlCache Behavior [ RunTime:-0.078126s ]
INFO: Run ShowRuntime Behavior [ RunTime:-0.078126s ]
INFO: [ view_filter ] --END-- [ RunTime:0.000000s ]
INFO: [ view_end ] --START--
INFO: Run ShowPageTrace Behavior [ RunTime:-0.078126s ]
INFO: [ view_end ] --END-- [ RunTime:0.015625s ]

[ 2014-08-11T13:26:22+08:00 ] 79.182.202.62 /
INFO: [ app_begin ] --START--
INFO: Run ReadHtmlCache Behavior [ RunTime:0.000000s ]
INFO: [ app_begin ] --END-- [ RunTime:0.000000s ]
NOTIC: [8] Undefined index: VAR_SESSION_ID C:\upupw\htdocs\pigcms0806\Common\functions.php 第 498 行.
NOTIC: [8] Undefined index: name_id C:\upupw\htdocs\pigcms0806\Common\functions.php 第 499 行.
SQL: SHOW COLUMNS FROM `tp_links` [ RunTime:0.000000s ]
SQL: SELECT * FROM `tp_links` WHERE ( `status` = 1 )  [ RunTime:0.000000s ]
INFO: [ view_template ] --START--
INFO: Run LocationTemplate Behavior [ RunTime:-0.031251s ]
INFO: [ view_template ] --END-- [ RunTime:0.000000s ]
INFO: [ view_parse ] --START--
NOTIC: [8] Use of undefined constant uid - assumed 'uid' C:\upupw\htdocs\pigcms0806\Conf\logs\Cache\Home\921d53177c151344e729eca7c171fe97.php 第 31 行.
NOTIC: [8] Undefined index: uid C:\upupw\htdocs\pigcms0806\Conf\logs\Cache\Home\921d53177c151344e729eca7c171fe97.php 第 31 行.
INFO: Run ParseTemplate Behavior [ RunTime:-0.031251s ]
INFO: [ view_parse ] --END-- [ RunTime:0.046876s ]
INFO: [ view_filter ] --START--
INFO: Run ContentReplace Behavior [ RunTime:-0.078127s ]
INFO: Run TokenBuild Behavior [ RunTime:-0.078127s ]
INFO: Run WriteHtmlCache Behavior [ RunTime:-0.078127s ]
INFO: Run ShowRuntime Behavior [ RunTime:-0.078127s ]
INFO: [ view_filter ] --END-- [ RunTime:0.000000s ]
INFO: [ view_end ] --START--
INFO: Run ShowPageTrace Behavior [ RunTime:-0.078127s ]
INFO: [ view_end ] --END-- [ RunTime:0.015625s ]

[ 2014-08-11T14:45:22+08:00 ] 61.135.190.201 /
INFO: [ app_begin ] --START--
INFO: Run ReadHtmlCache Behavior [ RunTime:0.000000s ]
INFO: [ app_begin ] --END-- [ RunTime:0.000000s ]
NOTIC: [8] Undefined index: VAR_SESSION_ID C:\upupw\htdocs\pigcms0806\Common\functions.php 第 498 行.
NOTIC: [8] Undefined index: name_id C:\upupw\htdocs\pigcms0806\Common\functions.php 第 499 行.
SQL: SHOW COLUMNS FROM `tp_links` [ RunTime:0.000000s ]
SQL: SELECT * FROM `tp_links` WHERE ( `status` = 1 )  [ RunTime:0.000000s ]
INFO: [ view_template ] --START--
INFO: Run LocationTemplate Behavior [ RunTime:-0.031251s ]
INFO: [ view_template ] --END-- [ RunTime:0.015625s ]
INFO: [ view_parse ] --START--
NOTIC: [8] Use of undefined constant uid - assumed 'uid' C:\upupw\htdocs\pigcms0806\Conf\logs\Cache\Home\921d53177c151344e729eca7c171fe97.php 第 31 行.
NOTIC: [8] Undefined index: uid C:\upupw\htdocs\pigcms0806\Conf\logs\Cache\Home\921d53177c151344e729eca7c171fe97.php 第 31 行.
INFO: Run ParseTemplate Behavior [ RunTime:-0.046876s ]
INFO: [ view_parse ] --END-- [ RunTime:0.031251s ]
INFO: [ view_filter ] --START--
INFO: Run ContentReplace Behavior [ RunTime:-0.078127s ]
INFO: Run TokenBuild Behavior [ RunTime:-0.078127s ]
INFO: Run WriteHtmlCache Behavior [ RunTime:-0.078127s ]
INFO: Run ShowRuntime Behavior [ RunTime:-0.078127s ]
INFO: [ view_filter ] --END-- [ RunTime:0.015625s ]
INFO: [ view_end ] --START--
INFO: Run ShowPageTrace Behavior [ RunTime:-0.093752s ]
INFO: [ view_end ] --END-- [ RunTime:0.000000s ]

[ 2014-08-11T17:17:25+08:00 ] 60.209.130.140 /
INFO: [ app_begin ] --START--
INFO: Run ReadHtmlCache Behavior [ RunTime:0.015626s ]
INFO: [ app_begin ] --END-- [ RunTime:0.015626s ]
NOTIC: [8] Undefined index: VAR_SESSION_ID C:\upupw\htdocs\pigcms0806\Common\functions.php 第 498 行.
NOTIC: [8] Undefined index: name_id C:\upupw\htdocs\pigcms0806\Common\functions.php 第 499 行.
SQL: SHOW COLUMNS FROM `tp_links` [ RunTime:0.000000s ]
SQL: SELECT * FROM `tp_links` WHERE ( `status` = 1 )  [ RunTime:0.000000s ]
INFO: [ view_template ] --START--
INFO: Run LocationTemplate Behavior [ RunTime:-0.140626s ]
INFO: [ view_template ] --END-- [ RunTime:0.046876s ]
INFO: [ view_parse ] --START--
NOTIC: [8] Use of undefined constant uid - assumed 'uid' C:\upupw\htdocs\pigcms0806\Conf\logs\Cache\Home\921d53177c151344e729eca7c171fe97.php 第 31 行.
NOTIC: [8] Undefined index: uid C:\upupw\htdocs\pigcms0806\Conf\logs\Cache\Home\921d53177c151344e729eca7c171fe97.php 第 31 行.
INFO: Run ParseTemplate Behavior [ RunTime:-0.187502s ]
INFO: [ view_parse ] --END-- [ RunTime:0.109376s ]
INFO: [ view_filter ] --START--
INFO: Run ContentReplace Behavior [ RunTime:-0.296878s ]
INFO: Run TokenBuild Behavior [ RunTime:-0.312504s ]
INFO: Run WriteHtmlCache Behavior [ RunTime:-0.312504s ]
INFO: Run ShowRuntime Behavior [ RunTime:-0.312504s ]
INFO: [ view_filter ] --END-- [ RunTime:0.031251s ]
INFO: [ view_end ] --START--
INFO: Run ShowPageTrace Behavior [ RunTime:-0.328129s ]
INFO: [ view_end ] --END-- [ RunTime:0.000000s ]

[ 2014-08-11T17:40:34+08:00 ] 220.181.51.137 /
INFO: [ app_begin ] --START--
INFO: Run ReadHtmlCache Behavior [ RunTime:0.000000s ]
INFO: [ app_begin ] --END-- [ RunTime:0.000000s ]
NOTIC: [8] Undefined index: VAR_SESSION_ID C:\upupw\htdocs\pigcms0806\Common\functions.php 第 498 行.
NOTIC: [8] Undefined index: name_id C:\upupw\htdocs\pigcms0806\Common\functions.php 第 499 行.
SQL: SHOW COLUMNS FROM `tp_links` [ RunTime:0.000000s ]
SQL: SELECT * FROM `tp_links` WHERE ( `status` = 1 )  [ RunTime:0.000000s ]
INFO: [ view_template ] --START--
INFO: Run LocationTemplate Behavior [ RunTime:-0.078126s ]
INFO: [ view_template ] --END-- [ RunTime:0.000000s ]
INFO: [ view_parse ] --START--
NOTIC: [8] Use of undefined constant uid - assumed 'uid' C:\upupw\htdocs\pigcms0806\Conf\logs\Cache\Home\921d53177c151344e729eca7c171fe97.php 第 31 行.
NOTIC: [8] Undefined index: uid C:\upupw\htdocs\pigcms0806\Conf\logs\Cache\Home\921d53177c151344e729eca7c171fe97.php 第 31 行.
INFO: Run ParseTemplate Behavior [ RunTime:-0.078126s ]
INFO: [ view_parse ] --END-- [ RunTime:0.031251s ]
INFO: [ view_filter ] --START--
INFO: Run ContentReplace Behavior [ RunTime:-0.109377s ]
INFO: Run TokenBuild Behavior [ RunTime:-0.125002s ]
INFO: Run WriteHtmlCache Behavior [ RunTime:-0.125002s ]
INFO: Run ShowRuntime Behavior [ RunTime:-0.125002s ]
INFO: [ view_filter ] --END-- [ RunTime:0.015625s ]
INFO: [ view_end ] --START--
INFO: Run ShowPageTrace Behavior [ RunTime:-0.125002s ]
INFO: [ view_end ] --END-- [ RunTime:0.000000s ]

[ 2014-08-11T17:58:28+08:00 ] 180.153.214.192 /
INFO: [ app_begin ] --START--
INFO: Run ReadHtmlCache Behavior [ RunTime:0.015625s ]
INFO: [ app_begin ] --END-- [ RunTime:0.015625s ]
NOTIC: [8] Undefined index: VAR_SESSION_ID C:\upupw\htdocs\pigcms0806\Common\functions.php 第 498 行.
NOTIC: [8] Undefined index: name_id C:\upupw\htdocs\pigcms0806\Common\functions.php 第 499 行.
SQL: SHOW COLUMNS FROM `tp_links` [ RunTime:0.015625s ]
SQL: SELECT * FROM `tp_links` WHERE ( `status` = 1 )  [ RunTime:0.000000s ]
INFO: [ view_template ] --START--
INFO: Run LocationTemplate Behavior [ RunTime:-0.062501s ]
INFO: [ view_template ] --END-- [ RunTime:0.000000s ]
INFO: [ view_parse ] --START--
NOTIC: [8] Use of undefined constant uid - assumed 'uid' C:\upupw\htdocs\pigcms0806\Conf\logs\Cache\Home\921d53177c151344e729eca7c171fe97.php 第 31 行.
NOTIC: [8] Undefined index: uid C:\upupw\htdocs\pigcms0806\Conf\logs\Cache\Home\921d53177c151344e729eca7c171fe97.php 第 31 行.
INFO: Run ParseTemplate Behavior [ RunTime:-0.062501s ]
INFO: [ view_parse ] --END-- [ RunTime:0.031251s ]
INFO: [ view_filter ] --START--
INFO: Run ContentReplace Behavior [ RunTime:-0.093752s ]
INFO: Run TokenBuild Behavior [ RunTime:-0.093752s ]
INFO: Run WriteHtmlCache Behavior [ RunTime:-0.109377s ]
INFO: Run ShowRuntime Behavior [ RunTime:-0.109377s ]
INFO: [ view_filter ] --END-- [ RunTime:0.015625s ]
INFO: [ view_end ] --START--
INFO: Run ShowPageTrace Behavior [ RunTime:-0.109377s ]
INFO: [ view_end ] --END-- [ RunTime:0.000000s ]

[ 2014-08-11T18:45:29+08:00 ] 58.96.170.208 /
INFO: [ app_begin ] --START--
INFO: Run ReadHtmlCache Behavior [ RunTime:0.000000s ]
INFO: [ app_begin ] --END-- [ RunTime:0.000000s ]
NOTIC: [8] Undefined index: VAR_SESSION_ID C:\upupw\htdocs\pigcms0806\Common\functions.php 第 498 行.
NOTIC: [8] Undefined index: name_id C:\upupw\htdocs\pigcms0806\Common\functions.php 第 499 行.
SQL: SHOW COLUMNS FROM `tp_links` [ RunTime:0.000000s ]
SQL: SELECT * FROM `tp_links` WHERE ( `status` = 1 )  [ RunTime:0.000000s ]
INFO: [ view_template ] --START--
INFO: Run LocationTemplate Behavior [ RunTime:-0.031253s ]
INFO: [ view_template ] --END-- [ RunTime:0.000000s ]
INFO: [ view_parse ] --START--
NOTIC: [8] Use of undefined constant uid - assumed 'uid' C:\upupw\htdocs\pigcms0806\Conf\logs\Cache\Home\921d53177c151344e729eca7c171fe97.php 第 31 行.
NOTIC: [8] Undefined index: uid C:\upupw\htdocs\pigcms0806\Conf\logs\Cache\Home\921d53177c151344e729eca7c171fe97.php 第 31 行.
INFO: Run ParseTemplate Behavior [ RunTime:-0.031253s ]
INFO: [ view_parse ] --END-- [ RunTime:0.046878s ]
INFO: [ view_filter ] --START--
INFO: Run ContentReplace Behavior [ RunTime:-0.078131s ]
INFO: Run TokenBuild Behavior [ RunTime:-0.078131s ]
INFO: Run WriteHtmlCache Behavior [ RunTime:-0.078131s ]
INFO: Run ShowRuntime Behavior [ RunTime:-0.078131s ]
INFO: [ view_filter ] --END-- [ RunTime:0.000000s ]
INFO: [ view_end ] --START--
INFO: Run ShowPageTrace Behavior [ RunTime:-0.078131s ]
INFO: [ view_end ] --END-- [ RunTime:0.015626s ]

[ 2014-08-11T18:49:19+08:00 ] 58.96.170.208 /
INFO: [ app_begin ] --START--
INFO: Run ReadHtmlCache Behavior [ RunTime:0.000000s ]
INFO: [ app_begin ] --END-- [ RunTime:0.000000s ]
NOTIC: [8] Undefined index: VAR_SESSION_ID C:\upupw\htdocs\pigcms0806\Common\functions.php 第 498 行.
NOTIC: [8] Undefined index: name_id C:\upupw\htdocs\pigcms0806\Common\functions.php 第 499 行.
SQL: SHOW COLUMNS FROM `tp_links` [ RunTime:0.000000s ]
SQL: SELECT * FROM `tp_links` WHERE ( `status` = 1 )  [ RunTime:0.000000s ]
INFO: [ view_template ] --START--
INFO: Run LocationTemplate Behavior [ RunTime:-0.031252s ]
INFO: [ view_template ] --END-- [ RunTime:0.000000s ]
INFO: [ view_parse ] --START--
NOTIC: [8] Use of undefined constant uid - assumed 'uid' C:\upupw\htdocs\pigcms0806\Conf\logs\Cache\Home\921d53177c151344e729eca7c171fe97.php 第 31 行.
NOTIC: [8] Undefined index: uid C:\upupw\htdocs\pigcms0806\Conf\logs\Cache\Home\921d53177c151344e729eca7c171fe97.php 第 31 行.
INFO: Run ParseTemplate Behavior [ RunTime:-0.031252s ]
INFO: [ view_parse ] --END-- [ RunTime:0.078131s ]
INFO: [ view_filter ] --START--
INFO: Run ContentReplace Behavior [ RunTime:-0.109383s ]
INFO: Run TokenBuild Behavior [ RunTime:-0.109383s ]
INFO: Run WriteHtmlCache Behavior [ RunTime:-0.125009s ]
INFO: Run ShowRuntime Behavior [ RunTime:-0.125009s ]
INFO: [ view_filter ] --END-- [ RunTime:0.015626s ]
INFO: [ view_end ] --START--
INFO: Run ShowPageTrace Behavior [ RunTime:-0.125009s ]
INFO: [ view_end ] --END-- [ RunTime:0.000000s ]

[ 2014-08-11T18:49:19+08:00 ] 180.153.163.191 /
INFO: [ app_begin ] --START--
INFO: Run ReadHtmlCache Behavior [ RunTime:0.000000s ]
INFO: [ app_begin ] --END-- [ RunTime:0.000000s ]
NOTIC: [8] Undefined index: VAR_SESSION_ID C:\upupw\htdocs\pigcms0806\Common\functions.php 第 498 行.
NOTIC: [8] Undefined index: name_id C:\upupw\htdocs\pigcms0806\Common\functions.php 第 499 行.
SQL: SHOW COLUMNS FROM `tp_links` [ RunTime:0.000000s ]
SQL: SELECT * FROM `tp_links` WHERE ( `status` = 1 )  [ RunTime:0.000000s ]
INFO: [ view_template ] --START--
INFO: Run LocationTemplate Behavior [ RunTime:-0.015627s ]
INFO: [ view_template ] --END-- [ RunTime:0.000000s ]
INFO: [ view_parse ] --START--
NOTIC: [8] Use of undefined constant uid - assumed 'uid' C:\upupw\htdocs\pigcms0806\Conf\logs\Cache\Home\921d53177c151344e729eca7c171fe97.php 第 31 行.
NOTIC: [8] Undefined index: uid C:\upupw\htdocs\pigcms0806\Conf\logs\Cache\Home\921d53177c151344e729eca7c171fe97.php 第 31 行.
INFO: Run ParseTemplate Behavior [ RunTime:-0.015627s ]
INFO: [ view_parse ] --END-- [ RunTime:0.015626s ]
INFO: [ view_filter ] --START--
INFO: Run ContentReplace Behavior [ RunTime:-0.031253s ]
INFO: Run TokenBuild Behavior [ RunTime:-0.031253s ]
INFO: Run WriteHtmlCache Behavior [ RunTime:-0.031253s ]
INFO: Run ShowRuntime Behavior [ RunTime:-0.031253s ]
INFO: [ view_filter ] --END-- [ RunTime:0.000000s ]
INFO: [ view_end ] --START--
INFO: Run ShowPageTrace Behavior [ RunTime:-0.031253s ]
INFO: [ view_end ] --END-- [ RunTime:0.000000s ]

