[ 2014-08-14T10:17:46+08:00 ] 60.215.230.101 /index.php?g=Wap&m=Panorama&a=index&token=qzembv1407229744&wecha_id=ovdzpt9LHXJDEJUppXc9b2IVA1To
INFO: [ app_begin ] --START--
INFO: Run ReadHtmlCache Behavior [ RunTime:0.000000s ]
INFO: [ app_begin ] --END-- [ RunTime:0.000000s ]
NOTIC: [8] Undefined index: VAR_SESSION_ID C:\upupw\htdocs\pigcms0806\Common\functions.php 第 498 行.
NOTIC: [8] Undefined index: name_id C:\upupw\htdocs\pigcms0806\Common\functions.php 第 499 行.
NOTIC: [8] A session had already been started - ignoring session_start() C:\upupw\htdocs\pigcms0806\Common\functions.php 第 536 行.
SQL: SHOW COLUMNS FROM `tp_wxuser` [ RunTime:0.000000s ]
SQL: SELECT * FROM `tp_wxuser` WHERE ( `token` = 'qzembv1407229744' ) LIMIT 1   [ RunTime:0.000000s ]
SQL: SHOW COLUMNS FROM `tp_userinfo` [ RunTime:0.000000s ]
SQL: SELECT * FROM `tp_userinfo` WHERE ( `token` = 'qzembv1407229744' ) AND ( `wecha_id` = 'ovdzpt9LHXJDEJUppXc9b2IVA1To' ) LIMIT 1   [ RunTime:0.000000s ]
SQL: SHOW COLUMNS FROM `tp_wechat_group_list` [ RunTime:0.000000s ]
SQL: SELECT * FROM `tp_wechat_group_list` WHERE ( `token` = 'qzembv1407229744' ) AND ( `openid` = 'ovdzpt9LHXJDEJUppXc9b2IVA1To' ) LIMIT 1   [ RunTime:0.000000s ]
NOTIC: [2] unlink(./Conf/logs/Temp/d/6/d61394fe247f72e304811b3c126f4203.php): No such file or directory C:\upupw\htdocs\pigcms0806\Lib\Driver\Cache\CacheFile.class.php 第 176 行.
SQL: SHOW COLUMNS FROM `tp_home` [ RunTime:0.000000s ]
SQL: SELECT * FROM `tp_home` WHERE ( `token` = 'qzembv1407229744' ) LIMIT 1   [ RunTime:0.000000s ]
SQL: SHOW COLUMNS FROM `tp_catemenu` [ RunTime:0.000000s ]
SQL: SELECT * FROM `tp_catemenu` WHERE ( `token` = 'qzembv1407229744' ) AND ( `status` = 1 ) ORDER BY orderss desc  [ RunTime:0.000000s ]
NOTIC: [2] unlink(./Conf/logs/Temp/2/3/23735f9864aedbfdc7edbfcb8a2e434a.php): No such file or directory C:\upupw\htdocs\pigcms0806\Lib\Driver\Cache\CacheFile.class.php 第 176 行.
SQL: SHOW COLUMNS FROM `tp_users` [ RunTime:0.000000s ]
SQL: SELECT * FROM `tp_users` WHERE ( `id` = 85 ) LIMIT 1   [ RunTime:0.000000s ]
SQL: SHOW COLUMNS FROM `tp_user_group` [ RunTime:0.015625s ]
SQL: SELECT * FROM `tp_user_group` WHERE ( `id` = 4 ) LIMIT 1   [ RunTime:0.000000s ]
SQL: SHOW COLUMNS FROM `tp_company` [ RunTime:0.000000s ]
SQL: SELECT * FROM `tp_company` WHERE ( `token` = 'qzembv1407229744' ) AND ( `isbranch` = 0 ) LIMIT 1   [ RunTime:0.000000s ]
SQL: SHOW COLUMNS FROM `tp_panorama` [ RunTime:0.015625s ]
SQL: SHOW COLUMNS FROM `tp_reply_info` [ RunTime:0.000000s ]
SQL: SELECT * FROM `tp_reply_info` WHERE ( `token` = 'qzembv1407229744' ) AND ( `infotype` = 'Panorama' ) LIMIT 1   [ RunTime:0.000000s ]
SQL: SELECT * FROM `tp_panorama` WHERE ( `token` = 'qzembv1407229744' ) ORDER BY taxis ASC  [ RunTime:0.000000s ]
INFO: [ view_template ] --START--
INFO: Run LocationTemplate Behavior [ RunTime:-0.156252s ]
INFO: [ view_template ] --END-- [ RunTime:0.000000s ]
INFO: [ view_parse ] --START--
NOTIC: [8] Undefined variable: tpl C:\upupw\htdocs\pigcms0806\Conf\logs\Cache\Wap\2295ef1a4d5aaa3ea030ce76f6ebc7ea.php 第 4 行.
INFO: Run ParseTemplate Behavior [ RunTime:-0.156252s ]
INFO: [ view_parse ] --END-- [ RunTime:0.140627s ]
INFO: [ view_filter ] --START--
INFO: Run ContentReplace Behavior [ RunTime:-0.296879s ]
INFO: Run TokenBuild Behavior [ RunTime:-0.296879s ]
INFO: Run WriteHtmlCache Behavior [ RunTime:-0.312504s ]
INFO: Run ShowRuntime Behavior [ RunTime:-0.312504s ]
INFO: [ view_filter ] --END-- [ RunTime:0.031251s ]
INFO: [ view_end ] --START--
INFO: Run ShowPageTrace Behavior [ RunTime:-0.328130s ]
INFO: [ view_end ] --END-- [ RunTime:0.000000s ]

[ 2014-08-14T10:17:50+08:00 ] 60.215.230.101 /index.php?g=Wap&m=Panorama&a=item&id=4&token=qzembv1407229744
INFO: [ app_begin ] --START--
INFO: Run ReadHtmlCache Behavior [ RunTime:0.000000s ]
INFO: [ app_begin ] --END-- [ RunTime:0.000000s ]
NOTIC: [8] Undefined index: VAR_SESSION_ID C:\upupw\htdocs\pigcms0806\Common\functions.php 第 498 行.
NOTIC: [8] A session had already been started - ignoring session_start() C:\upupw\htdocs\pigcms0806\Common\functions.php 第 536 行.
SQL: SHOW COLUMNS FROM `tp_wxuser` [ RunTime:0.000000s ]
SQL: SELECT * FROM `tp_wxuser` WHERE ( `token` = 'qzembv1407229744' ) LIMIT 1   [ RunTime:0.000000s ]
NOTIC: [8] Undefined index: wecha_id C:\upupw\htdocs\pigcms0806\PigCms\Lib\Action\WapAction.class.php 第 23 行.
SQL: SHOW COLUMNS FROM `tp_userinfo` [ RunTime:0.015625s ]
SQL: SELECT * FROM `tp_userinfo` WHERE ( `token` = 'qzembv1407229744' ) AND ( `wecha_id` = null ) LIMIT 1   [ RunTime:0.000000s ]
SQL: SHOW COLUMNS FROM `tp_wechat_group_list` [ RunTime:0.000000s ]
SQL: SELECT * FROM `tp_wechat_group_list` WHERE ( `token` = 'qzembv1407229744' ) AND ( `openid` = null ) LIMIT 1   [ RunTime:0.000000s ]
NOTIC: [2] unlink(./Conf/logs/Temp/5/7/5774b8ee5e94db8ad9c433eaa672e195.php): No such file or directory C:\upupw\htdocs\pigcms0806\Lib\Driver\Cache\CacheFile.class.php 第 176 行.
SQL: SHOW COLUMNS FROM `tp_home` [ RunTime:0.000000s ]
SQL: SELECT * FROM `tp_home` WHERE ( `token` = 'qzembv1407229744' ) LIMIT 1   [ RunTime:0.000000s ]
SQL: SHOW COLUMNS FROM `tp_catemenu` [ RunTime:0.000000s ]
SQL: SELECT * FROM `tp_catemenu` WHERE ( `token` = 'qzembv1407229744' ) AND ( `status` = 1 ) ORDER BY orderss desc  [ RunTime:0.000000s ]
NOTIC: [2] unlink(./Conf/logs/Temp/2/3/23735f9864aedbfdc7edbfcb8a2e434a.php): No such file or directory C:\upupw\htdocs\pigcms0806\Lib\Driver\Cache\CacheFile.class.php 第 176 行.
SQL: SHOW COLUMNS FROM `tp_users` [ RunTime:0.000000s ]
SQL: SELECT * FROM `tp_users` WHERE ( `id` = 85 ) LIMIT 1   [ RunTime:0.000000s ]
SQL: SHOW COLUMNS FROM `tp_user_group` [ RunTime:0.015625s ]
SQL: SELECT * FROM `tp_user_group` WHERE ( `id` = 4 ) LIMIT 1   [ RunTime:0.000000s ]
SQL: SHOW COLUMNS FROM `tp_company` [ RunTime:0.000000s ]
SQL: SELECT * FROM `tp_company` WHERE ( `token` = 'qzembv1407229744' ) AND ( `isbranch` = 0 ) LIMIT 1   [ RunTime:0.000000s ]
SQL: SHOW COLUMNS FROM `tp_panorama` [ RunTime:0.000000s ]
SQL: SELECT * FROM `tp_panorama` WHERE ( `id` = 4 ) LIMIT 1   [ RunTime:0.000000s ]
INFO: [ view_template ] --START--
INFO: Run LocationTemplate Behavior [ RunTime:-0.046876s ]
INFO: [ view_template ] --END-- [ RunTime:0.000000s ]
INFO: [ view_parse ] --START--
INFO: Run ParseTemplate Behavior [ RunTime:-0.046876s ]
INFO: [ view_parse ] --END-- [ RunTime:0.046876s ]
INFO: [ view_filter ] --START--
INFO: Run ContentReplace Behavior [ RunTime:-0.093752s ]
INFO: Run TokenBuild Behavior [ RunTime:-0.093752s ]
INFO: Run WriteHtmlCache Behavior [ RunTime:-0.093752s ]
INFO: Run ShowRuntime Behavior [ RunTime:-0.093752s ]
INFO: [ view_filter ] --END-- [ RunTime:0.000000s ]
INFO: [ view_end ] --START--
INFO: Run ShowPageTrace Behavior [ RunTime:-0.093752s ]
INFO: [ view_end ] --END-- [ RunTime:0.000000s ]

[ 2014-08-14T10:17:51+08:00 ] 60.215.230.101 /index.php?g=Wap&m=Panorama&a=item&o=xml&id=4
INFO: [ app_begin ] --START--
INFO: Run ReadHtmlCache Behavior [ RunTime:0.000000s ]
INFO: [ app_begin ] --END-- [ RunTime:0.000000s ]
NOTIC: [8] Undefined index: VAR_SESSION_ID C:\upupw\htdocs\pigcms0806\Common\functions.php 第 498 行.
NOTIC: [8] A session had already been started - ignoring session_start() C:\upupw\htdocs\pigcms0806\Common\functions.php 第 536 行.
SQL: SHOW COLUMNS FROM `tp_wxuser` [ RunTime:0.015625s ]
SQL: SELECT * FROM `tp_wxuser` WHERE ( `token` = null ) LIMIT 1   [ RunTime:0.000000s ]
NOTIC: [2] unlink(./Conf/logs/Temp/8/b/8b27330c23d5c53e2409cb5a50d9703d.php): No such file or directory C:\upupw\htdocs\pigcms0806\Lib\Driver\Cache\CacheFile.class.php 第 176 行.
NOTIC: [8] Undefined index: wecha_id C:\upupw\htdocs\pigcms0806\PigCms\Lib\Action\WapAction.class.php 第 23 行.
SQL: SHOW COLUMNS FROM `tp_userinfo` [ RunTime:0.000000s ]
SQL: SELECT * FROM `tp_userinfo` WHERE ( `token` = null ) AND ( `wecha_id` = null ) LIMIT 1   [ RunTime:0.000000s ]
SQL: SHOW COLUMNS FROM `tp_wechat_group_list` [ RunTime:0.000000s ]
SQL: SELECT * FROM `tp_wechat_group_list` WHERE ( `token` = null ) AND ( `openid` = null ) LIMIT 1   [ RunTime:0.000000s ]
NOTIC: [2] unlink(./Conf/logs/Temp/5/f/5fe1fc0e0fdbfbaff4ab677cf3a37648.php): No such file or directory C:\upupw\htdocs\pigcms0806\Lib\Driver\Cache\CacheFile.class.php 第 176 行.
SQL: SHOW COLUMNS FROM `tp_home` [ RunTime:0.000000s ]
SQL: SELECT * FROM `tp_home` WHERE ( `token` = null ) LIMIT 1   [ RunTime:0.000000s ]
NOTIC: [2] unlink(./Conf/logs/Temp/0/d/0d2c1c12d6393e604b6e35e960614004.php): No such file or directory C:\upupw\htdocs\pigcms0806\Lib\Driver\Cache\CacheFile.class.php 第 176 行.
SQL: SHOW COLUMNS FROM `tp_catemenu` [ RunTime:0.015625s ]
SQL: SELECT * FROM `tp_catemenu` WHERE ( `token` = null ) AND ( `status` = 1 ) ORDER BY orderss desc  [ RunTime:0.000000s ]
NOTIC: [2] unlink(./Conf/logs/Temp/5/8/5848d5204b5e414e87c386581aa4207f.php): No such file or directory C:\upupw\htdocs\pigcms0806\Lib\Driver\Cache\CacheFile.class.php 第 176 行.
SQL: SHOW COLUMNS FROM `tp_users` [ RunTime:0.000000s ]
SQL: SELECT * FROM `tp_users` WHERE ( `id` = 0 ) LIMIT 1   [ RunTime:0.000000s ]
NOTIC: [2] unlink(./Conf/logs/Temp/e/f/efe21af28ac2c16b2c3515b7a677c7a3.php): No such file or directory C:\upupw\htdocs\pigcms0806\Lib\Driver\Cache\CacheFile.class.php 第 176 行.
SQL: SHOW COLUMNS FROM `tp_user_group` [ RunTime:0.000000s ]
SQL: SELECT * FROM `tp_user_group` WHERE ( `id` = 0 ) LIMIT 1   [ RunTime:0.000000s ]
NOTIC: [2] unlink(./Conf/logs/Temp/c/1/c12b83863679c53a027170a94c2d1853.php): No such file or directory C:\upupw\htdocs\pigcms0806\Lib\Driver\Cache\CacheFile.class.php 第 176 行.
SQL: SHOW COLUMNS FROM `tp_company` [ RunTime:0.000000s ]
SQL: SELECT * FROM `tp_company` WHERE ( `token` = null ) AND ( `isbranch` = 0 ) LIMIT 1   [ RunTime:0.000000s ]
NOTIC: [2] unlink(./Conf/logs/Temp/5/f/5f590e6483487102f9aedcd019d413c0.php): No such file or directory C:\upupw\htdocs\pigcms0806\Lib\Driver\Cache\CacheFile.class.php 第 176 行.
SQL: SHOW COLUMNS FROM `tp_panorama` [ RunTime:0.015625s ]
SQL: SELECT * FROM `tp_panorama` WHERE ( `id` = 4 ) LIMIT 1   [ RunTime:0.000000s ]

[ 2014-08-14T10:18:33+08:00 ] 60.215.230.101 /index.php?g=Wap&m=Panorama&a=index&token=qzembv1407229744
INFO: [ app_begin ] --START--
INFO: Run ReadHtmlCache Behavior [ RunTime:0.000000s ]
INFO: [ app_begin ] --END-- [ RunTime:0.000000s ]
NOTIC: [8] Undefined index: VAR_SESSION_ID C:\upupw\htdocs\pigcms0806\Common\functions.php 第 498 行.
NOTIC: [8] A session had already been started - ignoring session_start() C:\upupw\htdocs\pigcms0806\Common\functions.php 第 536 行.
SQL: SHOW COLUMNS FROM `tp_wxuser` [ RunTime:0.000000s ]
SQL: SELECT * FROM `tp_wxuser` WHERE ( `token` = 'qzembv1407229744' ) LIMIT 1   [ RunTime:0.000000s ]
NOTIC: [8] Undefined index: wecha_id C:\upupw\htdocs\pigcms0806\PigCms\Lib\Action\WapAction.class.php 第 23 行.
SQL: SHOW COLUMNS FROM `tp_userinfo` [ RunTime:0.015626s ]
SQL: SELECT * FROM `tp_userinfo` WHERE ( `token` = 'qzembv1407229744' ) AND ( `wecha_id` = null ) LIMIT 1   [ RunTime:0.000000s ]
SQL: SHOW COLUMNS FROM `tp_wechat_group_list` [ RunTime:0.000000s ]
SQL: SELECT * FROM `tp_wechat_group_list` WHERE ( `token` = 'qzembv1407229744' ) AND ( `openid` = null ) LIMIT 1   [ RunTime:0.000000s ]
NOTIC: [2] unlink(./Conf/logs/Temp/5/7/5774b8ee5e94db8ad9c433eaa672e195.php): No such file or directory C:\upupw\htdocs\pigcms0806\Lib\Driver\Cache\CacheFile.class.php 第 176 行.
SQL: SHOW COLUMNS FROM `tp_home` [ RunTime:0.000000s ]
SQL: SELECT * FROM `tp_home` WHERE ( `token` = 'qzembv1407229744' ) LIMIT 1   [ RunTime:0.000000s ]
SQL: SHOW COLUMNS FROM `tp_catemenu` [ RunTime:0.000000s ]
SQL: SELECT * FROM `tp_catemenu` WHERE ( `token` = 'qzembv1407229744' ) AND ( `status` = 1 ) ORDER BY orderss desc  [ RunTime:0.000000s ]
NOTIC: [2] unlink(./Conf/logs/Temp/2/3/23735f9864aedbfdc7edbfcb8a2e434a.php): No such file or directory C:\upupw\htdocs\pigcms0806\Lib\Driver\Cache\CacheFile.class.php 第 176 行.
SQL: SHOW COLUMNS FROM `tp_users` [ RunTime:0.015625s ]
SQL: SELECT * FROM `tp_users` WHERE ( `id` = 85 ) LIMIT 1   [ RunTime:0.000000s ]
SQL: SHOW COLUMNS FROM `tp_user_group` [ RunTime:0.000000s ]
SQL: SELECT * FROM `tp_user_group` WHERE ( `id` = 4 ) LIMIT 1   [ RunTime:0.000000s ]
SQL: SHOW COLUMNS FROM `tp_company` [ RunTime:0.000000s ]
SQL: SELECT * FROM `tp_company` WHERE ( `token` = 'qzembv1407229744' ) AND ( `isbranch` = 0 ) LIMIT 1   [ RunTime:0.000000s ]
SQL: SHOW COLUMNS FROM `tp_panorama` [ RunTime:0.000000s ]
SQL: SHOW COLUMNS FROM `tp_reply_info` [ RunTime:0.000000s ]
SQL: SELECT * FROM `tp_reply_info` WHERE ( `token` = 'qzembv1407229744' ) AND ( `infotype` = 'Panorama' ) LIMIT 1   [ RunTime:0.000000s ]
SQL: SELECT * FROM `tp_panorama` WHERE ( `token` = 'qzembv1407229744' ) ORDER BY taxis ASC  [ RunTime:0.000000s ]
INFO: [ view_template ] --START--
INFO: Run LocationTemplate Behavior [ RunTime:-0.031251s ]
INFO: [ view_template ] --END-- [ RunTime:0.015625s ]
INFO: [ view_parse ] --START--
NOTIC: [8] Undefined variable: tpl C:\upupw\htdocs\pigcms0806\Conf\logs\Cache\Wap\2295ef1a4d5aaa3ea030ce76f6ebc7ea.php 第 4 行.
INFO: Run ParseTemplate Behavior [ RunTime:-0.046876s ]
INFO: [ view_parse ] --END-- [ RunTime:0.000000s ]
INFO: [ view_filter ] --START--
INFO: Run ContentReplace Behavior [ RunTime:-0.046876s ]
INFO: Run TokenBuild Behavior [ RunTime:-0.046876s ]
INFO: Run WriteHtmlCache Behavior [ RunTime:-0.046876s ]
INFO: Run ShowRuntime Behavior [ RunTime:-0.046876s ]
INFO: [ view_filter ] --END-- [ RunTime:0.000000s ]
INFO: [ view_end ] --START--
INFO: Run ShowPageTrace Behavior [ RunTime:-0.046876s ]
INFO: [ view_end ] --END-- [ RunTime:0.000000s ]

[ 2014-08-14T10:18:45+08:00 ] 60.215.230.101 /index.php?g=Wap&m=Panorama&a=index&token=qzembv1407229744&wecha_id=ovdzpt9LHXJDEJUppXc9b2IVA1To
INFO: [ app_begin ] --START--
INFO: Run ReadHtmlCache Behavior [ RunTime:0.000000s ]
INFO: [ app_begin ] --END-- [ RunTime:0.000000s ]
NOTIC: [8] Undefined index: VAR_SESSION_ID C:\upupw\htdocs\pigcms0806\Common\functions.php 第 498 行.
NOTIC: [8] A session had already been started - ignoring session_start() C:\upupw\htdocs\pigcms0806\Common\functions.php 第 536 行.
SQL: SHOW COLUMNS FROM `tp_wxuser` [ RunTime:0.000000s ]
SQL: SELECT * FROM `tp_wxuser` WHERE ( `token` = 'qzembv1407229744' ) LIMIT 1   [ RunTime:0.000000s ]
SQL: SHOW COLUMNS FROM `tp_userinfo` [ RunTime:0.015625s ]
SQL: SELECT * FROM `tp_userinfo` WHERE ( `token` = 'qzembv1407229744' ) AND ( `wecha_id` = 'ovdzpt9LHXJDEJUppXc9b2IVA1To' ) LIMIT 1   [ RunTime:0.000000s ]
SQL: SHOW COLUMNS FROM `tp_wechat_group_list` [ RunTime:0.000000s ]
SQL: SELECT * FROM `tp_wechat_group_list` WHERE ( `token` = 'qzembv1407229744' ) AND ( `openid` = 'ovdzpt9LHXJDEJUppXc9b2IVA1To' ) LIMIT 1   [ RunTime:0.000000s ]
NOTIC: [2] unlink(./Conf/logs/Temp/d/6/d61394fe247f72e304811b3c126f4203.php): No such file or directory C:\upupw\htdocs\pigcms0806\Lib\Driver\Cache\CacheFile.class.php 第 176 行.
SQL: SHOW COLUMNS FROM `tp_home` [ RunTime:0.000000s ]
SQL: SELECT * FROM `tp_home` WHERE ( `token` = 'qzembv1407229744' ) LIMIT 1   [ RunTime:0.000000s ]
SQL: SHOW COLUMNS FROM `tp_catemenu` [ RunTime:0.000000s ]
SQL: SELECT * FROM `tp_catemenu` WHERE ( `token` = 'qzembv1407229744' ) AND ( `status` = 1 ) ORDER BY orderss desc  [ RunTime:0.000000s ]
NOTIC: [2] unlink(./Conf/logs/Temp/2/3/23735f9864aedbfdc7edbfcb8a2e434a.php): No such file or directory C:\upupw\htdocs\pigcms0806\Lib\Driver\Cache\CacheFile.class.php 第 176 行.
SQL: SHOW COLUMNS FROM `tp_users` [ RunTime:0.015625s ]
SQL: SELECT * FROM `tp_users` WHERE ( `id` = 85 ) LIMIT 1   [ RunTime:0.000000s ]
SQL: SHOW COLUMNS FROM `tp_user_group` [ RunTime:0.000000s ]
SQL: SELECT * FROM `tp_user_group` WHERE ( `id` = 4 ) LIMIT 1   [ RunTime:0.000000s ]
SQL: SHOW COLUMNS FROM `tp_company` [ RunTime:0.000000s ]
SQL: SELECT * FROM `tp_company` WHERE ( `token` = 'qzembv1407229744' ) AND ( `isbranch` = 0 ) LIMIT 1   [ RunTime:0.000000s ]
SQL: SHOW COLUMNS FROM `tp_panorama` [ RunTime:0.000000s ]
SQL: SHOW COLUMNS FROM `tp_reply_info` [ RunTime:0.000000s ]
SQL: SELECT * FROM `tp_reply_info` WHERE ( `token` = 'qzembv1407229744' ) AND ( `infotype` = 'Panorama' ) LIMIT 1   [ RunTime:0.000000s ]
SQL: SELECT * FROM `tp_panorama` WHERE ( `token` = 'qzembv1407229744' ) ORDER BY taxis ASC  [ RunTime:0.000000s ]
INFO: [ view_template ] --START--
INFO: Run LocationTemplate Behavior [ RunTime:-0.031250s ]
INFO: [ view_template ] --END-- [ RunTime:0.015625s ]
INFO: [ view_parse ] --START--
NOTIC: [8] Undefined variable: tpl C:\upupw\htdocs\pigcms0806\Conf\logs\Cache\Wap\2295ef1a4d5aaa3ea030ce76f6ebc7ea.php 第 4 行.
INFO: Run ParseTemplate Behavior [ RunTime:-0.046875s ]
INFO: [ view_parse ] --END-- [ RunTime:0.000000s ]
INFO: [ view_filter ] --START--
INFO: Run ContentReplace Behavior [ RunTime:-0.046875s ]
INFO: Run TokenBuild Behavior [ RunTime:-0.046875s ]
INFO: Run WriteHtmlCache Behavior [ RunTime:-0.046875s ]
INFO: Run ShowRuntime Behavior [ RunTime:-0.046875s ]
INFO: [ view_filter ] --END-- [ RunTime:0.000000s ]
INFO: [ view_end ] --START--
INFO: Run ShowPageTrace Behavior [ RunTime:-0.046875s ]
INFO: [ view_end ] --END-- [ RunTime:0.000000s ]

[ 2014-08-14T10:18:49+08:00 ] 60.215.230.101 /index.php?g=Wap&m=Panorama&a=index&token=qzembv1407229744&wecha_id=ovdzpt9LHXJDEJUppXc9b2IVA1To
INFO: [ app_begin ] --START--
INFO: Run ReadHtmlCache Behavior [ RunTime:0.000000s ]
INFO: [ app_begin ] --END-- [ RunTime:0.000000s ]
NOTIC: [8] Undefined index: VAR_SESSION_ID C:\upupw\htdocs\pigcms0806\Common\functions.php 第 498 行.
NOTIC: [8] A session had already been started - ignoring session_start() C:\upupw\htdocs\pigcms0806\Common\functions.php 第 536 行.
SQL: SHOW COLUMNS FROM `tp_wxuser` [ RunTime:0.000000s ]
SQL: SELECT * FROM `tp_wxuser` WHERE ( `token` = 'qzembv1407229744' ) LIMIT 1   [ RunTime:0.000000s ]
SQL: SHOW COLUMNS FROM `tp_userinfo` [ RunTime:0.000000s ]
SQL: SELECT * FROM `tp_userinfo` WHERE ( `token` = 'qzembv1407229744' ) AND ( `wecha_id` = 'ovdzpt9LHXJDEJUppXc9b2IVA1To' ) LIMIT 1   [ RunTime:0.000000s ]
SQL: SHOW COLUMNS FROM `tp_wechat_group_list` [ RunTime:0.000000s ]
SQL: SELECT * FROM `tp_wechat_group_list` WHERE ( `token` = 'qzembv1407229744' ) AND ( `openid` = 'ovdzpt9LHXJDEJUppXc9b2IVA1To' ) LIMIT 1   [ RunTime:0.000000s ]
NOTIC: [2] unlink(./Conf/logs/Temp/d/6/d61394fe247f72e304811b3c126f4203.php): No such file or directory C:\upupw\htdocs\pigcms0806\Lib\Driver\Cache\CacheFile.class.php 第 176 行.
SQL: SHOW COLUMNS FROM `tp_home` [ RunTime:0.000000s ]
SQL: SELECT * FROM `tp_home` WHERE ( `token` = 'qzembv1407229744' ) LIMIT 1   [ RunTime:0.000000s ]
SQL: SHOW COLUMNS FROM `tp_catemenu` [ RunTime:0.000000s ]
SQL: SELECT * FROM `tp_catemenu` WHERE ( `token` = 'qzembv1407229744' ) AND ( `status` = 1 ) ORDER BY orderss desc  [ RunTime:0.000000s ]
NOTIC: [2] unlink(./Conf/logs/Temp/2/3/23735f9864aedbfdc7edbfcb8a2e434a.php): No such file or directory C:\upupw\htdocs\pigcms0806\Lib\Driver\Cache\CacheFile.class.php 第 176 行.
SQL: SHOW COLUMNS FROM `tp_users` [ RunTime:0.000000s ]
SQL: SELECT * FROM `tp_users` WHERE ( `id` = 85 ) LIMIT 1   [ RunTime:0.000000s ]
SQL: SHOW COLUMNS FROM `tp_user_group` [ RunTime:0.000000s ]
SQL: SELECT * FROM `tp_user_group` WHERE ( `id` = 4 ) LIMIT 1   [ RunTime:0.000000s ]
SQL: SHOW COLUMNS FROM `tp_company` [ RunTime:0.000000s ]
SQL: SELECT * FROM `tp_company` WHERE ( `token` = 'qzembv1407229744' ) AND ( `isbranch` = 0 ) LIMIT 1   [ RunTime:0.000000s ]
SQL: SHOW COLUMNS FROM `tp_panorama` [ RunTime:0.015625s ]
SQL: SHOW COLUMNS FROM `tp_reply_info` [ RunTime:0.000000s ]
SQL: SELECT * FROM `tp_reply_info` WHERE ( `token` = 'qzembv1407229744' ) AND ( `infotype` = 'Panorama' ) LIMIT 1   [ RunTime:0.000000s ]
SQL: SELECT * FROM `tp_panorama` WHERE ( `token` = 'qzembv1407229744' ) ORDER BY taxis ASC  [ RunTime:0.000000s ]
INFO: [ view_template ] --START--
INFO: Run LocationTemplate Behavior [ RunTime:-0.046876s ]
INFO: [ view_template ] --END-- [ RunTime:0.000000s ]
INFO: [ view_parse ] --START--
NOTIC: [8] Undefined variable: tpl C:\upupw\htdocs\pigcms0806\Conf\logs\Cache\Wap\2295ef1a4d5aaa3ea030ce76f6ebc7ea.php 第 4 行.
INFO: Run ParseTemplate Behavior [ RunTime:-0.046876s ]
INFO: [ view_parse ] --END-- [ RunTime:0.000000s ]
INFO: [ view_filter ] --START--
INFO: Run ContentReplace Behavior [ RunTime:-0.046876s ]
INFO: Run TokenBuild Behavior [ RunTime:-0.046876s ]
INFO: Run WriteHtmlCache Behavior [ RunTime:-0.046876s ]
INFO: Run ShowRuntime Behavior [ RunTime:-0.046876s ]
INFO: [ view_filter ] --END-- [ RunTime:0.000000s ]
INFO: [ view_end ] --START--
INFO: Run ShowPageTrace Behavior [ RunTime:-0.046876s ]
INFO: [ view_end ] --END-- [ RunTime:0.000000s ]

