[ 2014-08-10T02:53:57+08:00 ] 220.181.51.147 /
INFO: [ app_begin ] --START--
INFO: Run ReadHtmlCache Behavior [ RunTime:0.000000s ]
INFO: [ app_begin ] --END-- [ RunTime:0.000000s ]
NOTIC: [8] Undefined index: VAR_SESSION_ID C:\upupw\htdocs\pigcms0806\Common\functions.php 第 498 行.
NOTIC: [8] Undefined index: name_id C:\upupw\htdocs\pigcms0806\Common\functions.php 第 499 行.
SQL: SHOW COLUMNS FROM `tp_links` [ RunTime:0.000000s ]
SQL: SELECT * FROM `tp_links` WHERE ( `status` = 1 )  [ RunTime:0.000000s ]
INFO: [ view_template ] --START--
INFO: Run LocationTemplate Behavior [ RunTime:-0.031251s ]
INFO: [ view_template ] --END-- [ RunTime:0.000000s ]
INFO: [ view_parse ] --START--
NOTIC: [8] Use of undefined constant uid - assumed 'uid' C:\upupw\htdocs\pigcms0806\Conf\logs\Cache\Home\921d53177c151344e729eca7c171fe97.php 第 31 行.
NOTIC: [8] Undefined index: uid C:\upupw\htdocs\pigcms0806\Conf\logs\Cache\Home\921d53177c151344e729eca7c171fe97.php 第 31 行.
INFO: Run ParseTemplate Behavior [ RunTime:-0.031251s ]
INFO: [ view_parse ] --END-- [ RunTime:0.046875s ]
INFO: [ view_filter ] --START--
INFO: Run ContentReplace Behavior [ RunTime:-0.078126s ]
INFO: Run TokenBuild Behavior [ RunTime:-0.078126s ]
INFO: Run WriteHtmlCache Behavior [ RunTime:-0.078126s ]
INFO: Run ShowRuntime Behavior [ RunTime:-0.078126s ]
INFO: [ view_filter ] --END-- [ RunTime:0.000000s ]
INFO: [ view_end ] --START--
INFO: Run ShowPageTrace Behavior [ RunTime:-0.078126s ]
INFO: [ view_end ] --END-- [ RunTime:0.015626s ]

[ 2014-08-10T06:00:30+08:00 ] 61.135.190.197 /
INFO: [ app_begin ] --START--
INFO: Run ReadHtmlCache Behavior [ RunTime:0.031251s ]
INFO: [ app_begin ] --END-- [ RunTime:0.031251s ]
NOTIC: [8] Undefined index: VAR_SESSION_ID C:\upupw\htdocs\pigcms0806\Common\functions.php 第 498 行.
NOTIC: [8] Undefined index: name_id C:\upupw\htdocs\pigcms0806\Common\functions.php 第 499 行.
SQL: SHOW COLUMNS FROM `tp_links` [ RunTime:0.000000s ]
SQL: SELECT * FROM `tp_links` WHERE ( `status` = 1 )  [ RunTime:0.000000s ]
INFO: [ view_template ] --START--
INFO: Run LocationTemplate Behavior [ RunTime:-0.140627s ]
INFO: [ view_template ] --END-- [ RunTime:0.062502s ]
INFO: [ view_parse ] --START--
NOTIC: [8] Use of undefined constant uid - assumed 'uid' C:\upupw\htdocs\pigcms0806\Conf\logs\Cache\Home\921d53177c151344e729eca7c171fe97.php 第 31 行.
NOTIC: [8] Undefined index: uid C:\upupw\htdocs\pigcms0806\Conf\logs\Cache\Home\921d53177c151344e729eca7c171fe97.php 第 31 行.
INFO: Run ParseTemplate Behavior [ RunTime:-0.203129s ]
INFO: [ view_parse ] --END-- [ RunTime:0.125002s ]
INFO: [ view_filter ] --START--
INFO: Run ContentReplace Behavior [ RunTime:-0.328131s ]
INFO: Run TokenBuild Behavior [ RunTime:-0.343756s ]
INFO: Run WriteHtmlCache Behavior [ RunTime:-0.343756s ]
INFO: Run ShowRuntime Behavior [ RunTime:-0.359382s ]
INFO: [ view_filter ] --END-- [ RunTime:0.031251s ]
INFO: [ view_end ] --START--
INFO: Run ShowPageTrace Behavior [ RunTime:-0.359382s ]
INFO: [ view_end ] --END-- [ RunTime:0.015625s ]

[ 2014-08-10T09:22:04+08:00 ] 61.135.190.72 /
INFO: [ app_begin ] --START--
INFO: Run ReadHtmlCache Behavior [ RunTime:0.015625s ]
INFO: [ app_begin ] --END-- [ RunTime:0.015625s ]
NOTIC: [8] Undefined index: VAR_SESSION_ID C:\upupw\htdocs\pigcms0806\Common\functions.php 第 498 行.
NOTIC: [8] Undefined index: name_id C:\upupw\htdocs\pigcms0806\Common\functions.php 第 499 行.
SQL: SHOW COLUMNS FROM `tp_links` [ RunTime:0.000000s ]
SQL: SELECT * FROM `tp_links` WHERE ( `status` = 1 )  [ RunTime:0.000000s ]
INFO: [ view_template ] --START--
INFO: Run LocationTemplate Behavior [ RunTime:-0.031250s ]
INFO: [ view_template ] --END-- [ RunTime:0.000000s ]
INFO: [ view_parse ] --START--
NOTIC: [8] Use of undefined constant uid - assumed 'uid' C:\upupw\htdocs\pigcms0806\Conf\logs\Cache\Home\921d53177c151344e729eca7c171fe97.php 第 31 行.
NOTIC: [8] Undefined index: uid C:\upupw\htdocs\pigcms0806\Conf\logs\Cache\Home\921d53177c151344e729eca7c171fe97.php 第 31 行.
INFO: Run ParseTemplate Behavior [ RunTime:-0.031250s ]
INFO: [ view_parse ] --END-- [ RunTime:0.031251s ]
INFO: [ view_filter ] --START--
INFO: Run ContentReplace Behavior [ RunTime:-0.062501s ]
INFO: Run TokenBuild Behavior [ RunTime:-0.078126s ]
INFO: Run WriteHtmlCache Behavior [ RunTime:-0.078126s ]
INFO: Run ShowRuntime Behavior [ RunTime:-0.078126s ]
INFO: [ view_filter ] --END-- [ RunTime:0.015625s ]
INFO: [ view_end ] --START--
INFO: Run ShowPageTrace Behavior [ RunTime:-0.078126s ]
INFO: [ view_end ] --END-- [ RunTime:0.000000s ]

[ 2014-08-10T12:24:14+08:00 ] 61.135.190.69 /
INFO: [ app_begin ] --START--
INFO: Run ReadHtmlCache Behavior [ RunTime:0.015626s ]
INFO: [ app_begin ] --END-- [ RunTime:0.015626s ]
NOTIC: [8] Undefined index: VAR_SESSION_ID C:\upupw\htdocs\pigcms0806\Common\functions.php 第 498 行.
NOTIC: [8] Undefined index: name_id C:\upupw\htdocs\pigcms0806\Common\functions.php 第 499 行.
SQL: SHOW COLUMNS FROM `tp_links` [ RunTime:0.000000s ]
SQL: SELECT * FROM `tp_links` WHERE ( `status` = 1 )  [ RunTime:0.000000s ]
INFO: [ view_template ] --START--
INFO: Run LocationTemplate Behavior [ RunTime:-0.062501s ]
INFO: [ view_template ] --END-- [ RunTime:0.000000s ]
INFO: [ view_parse ] --START--
NOTIC: [8] Use of undefined constant uid - assumed 'uid' C:\upupw\htdocs\pigcms0806\Conf\logs\Cache\Home\921d53177c151344e729eca7c171fe97.php 第 31 行.
NOTIC: [8] Undefined index: uid C:\upupw\htdocs\pigcms0806\Conf\logs\Cache\Home\921d53177c151344e729eca7c171fe97.php 第 31 行.
INFO: Run ParseTemplate Behavior [ RunTime:-0.062501s ]
INFO: [ view_parse ] --END-- [ RunTime:0.031251s ]
INFO: [ view_filter ] --START--
INFO: Run ContentReplace Behavior [ RunTime:-0.093752s ]
INFO: Run TokenBuild Behavior [ RunTime:-0.109377s ]
INFO: Run WriteHtmlCache Behavior [ RunTime:-0.109377s ]
INFO: Run ShowRuntime Behavior [ RunTime:-0.109377s ]
INFO: [ view_filter ] --END-- [ RunTime:0.015625s ]
INFO: [ view_end ] --START--
INFO: Run ShowPageTrace Behavior [ RunTime:-0.109377s ]
INFO: [ view_end ] --END-- [ RunTime:0.000000s ]

[ 2014-08-10T14:12:25+08:00 ] 110.75.186.226 /?-dallow_url_include%3don+-dauto_prepend_file%3dphp://input
INFO: [ app_begin ] --START--
INFO: Run ReadHtmlCache Behavior [ RunTime:0.000000s ]
INFO: [ app_begin ] --END-- [ RunTime:0.000000s ]
NOTIC: [8] Undefined index: VAR_SESSION_ID C:\upupw\htdocs\pigcms0806\Common\functions.php 第 498 行.
NOTIC: [8] Undefined index: name_id C:\upupw\htdocs\pigcms0806\Common\functions.php 第 499 行.
NOTIC: [8] A session had already been started - ignoring session_start() C:\upupw\htdocs\pigcms0806\Common\functions.php 第 536 行.
SQL: SHOW COLUMNS FROM `tp_links` [ RunTime:0.000000s ]
SQL: SELECT * FROM `tp_links` WHERE ( `status` = 1 )  [ RunTime:0.000000s ]
INFO: [ view_template ] --START--
INFO: Run LocationTemplate Behavior [ RunTime:-0.031250s ]
INFO: [ view_template ] --END-- [ RunTime:0.015626s ]
INFO: [ view_parse ] --START--
NOTIC: [8] Use of undefined constant uid - assumed 'uid' C:\upupw\htdocs\pigcms0806\Conf\logs\Cache\Home\921d53177c151344e729eca7c171fe97.php 第 31 行.
NOTIC: [8] Undefined index: uid C:\upupw\htdocs\pigcms0806\Conf\logs\Cache\Home\921d53177c151344e729eca7c171fe97.php 第 31 行.
INFO: Run ParseTemplate Behavior [ RunTime:-0.046876s ]
INFO: [ view_parse ] --END-- [ RunTime:0.031250s ]
INFO: [ view_filter ] --START--
INFO: Run ContentReplace Behavior [ RunTime:-0.078126s ]
INFO: Run TokenBuild Behavior [ RunTime:-0.078126s ]
INFO: Run WriteHtmlCache Behavior [ RunTime:-0.078126s ]
INFO: Run ShowRuntime Behavior [ RunTime:-0.093751s ]
INFO: [ view_filter ] --END-- [ RunTime:0.015625s ]
INFO: [ view_end ] --START--
INFO: Run ShowPageTrace Behavior [ RunTime:-0.093751s ]
INFO: [ view_end ] --END-- [ RunTime:0.000000s ]

[ 2014-08-10T14:12:32+08:00 ] 110.75.186.226 /?redirect:%25{new%20java.lang.String('http://xxxxxxxxxxxxx')}
INFO: [ app_begin ] --START--
INFO: Run ReadHtmlCache Behavior [ RunTime:0.000000s ]
INFO: [ app_begin ] --END-- [ RunTime:0.000000s ]
NOTIC: [8] Undefined index: VAR_SESSION_ID C:\upupw\htdocs\pigcms0806\Common\functions.php 第 498 行.
NOTIC: [8] Undefined index: name_id C:\upupw\htdocs\pigcms0806\Common\functions.php 第 499 行.
NOTIC: [8] A session had already been started - ignoring session_start() C:\upupw\htdocs\pigcms0806\Common\functions.php 第 536 行.
SQL: SHOW COLUMNS FROM `tp_links` [ RunTime:0.000000s ]
SQL: SELECT * FROM `tp_links` WHERE ( `status` = 1 )  [ RunTime:0.000000s ]
INFO: [ view_template ] --START--
INFO: Run LocationTemplate Behavior [ RunTime:-0.015625s ]
INFO: [ view_template ] --END-- [ RunTime:0.000000s ]
INFO: [ view_parse ] --START--
NOTIC: [8] Use of undefined constant uid - assumed 'uid' C:\upupw\htdocs\pigcms0806\Conf\logs\Cache\Home\921d53177c151344e729eca7c171fe97.php 第 31 行.
NOTIC: [8] Undefined index: uid C:\upupw\htdocs\pigcms0806\Conf\logs\Cache\Home\921d53177c151344e729eca7c171fe97.php 第 31 行.
INFO: Run ParseTemplate Behavior [ RunTime:-0.015625s ]
INFO: [ view_parse ] --END-- [ RunTime:0.000000s ]
INFO: [ view_filter ] --START--
INFO: Run ContentReplace Behavior [ RunTime:-0.015625s ]
INFO: Run TokenBuild Behavior [ RunTime:-0.015625s ]
INFO: Run WriteHtmlCache Behavior [ RunTime:-0.015625s ]
INFO: Run ShowRuntime Behavior [ RunTime:-0.015625s ]
INFO: [ view_filter ] --END-- [ RunTime:0.000000s ]
INFO: [ view_end ] --START--
INFO: Run ShowPageTrace Behavior [ RunTime:-0.015625s ]
INFO: [ view_end ] --END-- [ RunTime:0.000000s ]

[ 2014-08-10T14:12:33+08:00 ] 110.75.186.226 /?debug=browser
INFO: [ app_begin ] --START--
INFO: Run ReadHtmlCache Behavior [ RunTime:0.000000s ]
INFO: [ app_begin ] --END-- [ RunTime:0.000000s ]
NOTIC: [8] Undefined index: VAR_SESSION_ID C:\upupw\htdocs\pigcms0806\Common\functions.php 第 498 行.
NOTIC: [8] Undefined index: name_id C:\upupw\htdocs\pigcms0806\Common\functions.php 第 499 行.
NOTIC: [8] A session had already been started - ignoring session_start() C:\upupw\htdocs\pigcms0806\Common\functions.php 第 536 行.
SQL: SHOW COLUMNS FROM `tp_links` [ RunTime:0.000000s ]
SQL: SELECT * FROM `tp_links` WHERE ( `status` = 1 )  [ RunTime:0.000000s ]
INFO: [ view_template ] --START--
INFO: Run LocationTemplate Behavior [ RunTime:0.000000s ]
INFO: [ view_template ] --END-- [ RunTime:0.000000s ]
INFO: [ view_parse ] --START--
NOTIC: [8] Use of undefined constant uid - assumed 'uid' C:\upupw\htdocs\pigcms0806\Conf\logs\Cache\Home\921d53177c151344e729eca7c171fe97.php 第 31 行.
NOTIC: [8] Undefined index: uid C:\upupw\htdocs\pigcms0806\Conf\logs\Cache\Home\921d53177c151344e729eca7c171fe97.php 第 31 行.
INFO: Run ParseTemplate Behavior [ RunTime:0.000000s ]
INFO: [ view_parse ] --END-- [ RunTime:0.015626s ]
INFO: [ view_filter ] --START--
INFO: Run ContentReplace Behavior [ RunTime:-0.015626s ]
INFO: Run TokenBuild Behavior [ RunTime:-0.015626s ]
INFO: Run WriteHtmlCache Behavior [ RunTime:-0.015626s ]
INFO: Run ShowRuntime Behavior [ RunTime:-0.015626s ]
INFO: [ view_filter ] --END-- [ RunTime:0.000000s ]
INFO: [ view_end ] --START--
INFO: Run ShowPageTrace Behavior [ RunTime:-0.015626s ]
INFO: [ view_end ] --END-- [ RunTime:0.000000s ]

[ 2014-08-10T14:13:10+08:00 ] 110.75.186.226 /
INFO: [ app_begin ] --START--
INFO: Run ReadHtmlCache Behavior [ RunTime:0.000000s ]
INFO: [ app_begin ] --END-- [ RunTime:0.000000s ]
NOTIC: [8] Undefined index: VAR_SESSION_ID C:\upupw\htdocs\pigcms0806\Common\functions.php 第 498 行.
NOTIC: [8] Undefined index: name_id C:\upupw\htdocs\pigcms0806\Common\functions.php 第 499 行.
SQL: SHOW COLUMNS FROM `tp_links` [ RunTime:0.000000s ]
SQL: SELECT * FROM `tp_links` WHERE ( `status` = 1 )  [ RunTime:0.000000s ]
INFO: [ view_template ] --START--
INFO: Run LocationTemplate Behavior [ RunTime:-0.015626s ]
INFO: [ view_template ] --END-- [ RunTime:0.000000s ]
INFO: [ view_parse ] --START--
NOTIC: [8] Use of undefined constant uid - assumed 'uid' C:\upupw\htdocs\pigcms0806\Conf\logs\Cache\Home\921d53177c151344e729eca7c171fe97.php 第 31 行.
NOTIC: [8] Undefined index: uid C:\upupw\htdocs\pigcms0806\Conf\logs\Cache\Home\921d53177c151344e729eca7c171fe97.php 第 31 行.
INFO: Run ParseTemplate Behavior [ RunTime:-0.015626s ]
INFO: [ view_parse ] --END-- [ RunTime:0.000000s ]
INFO: [ view_filter ] --START--
INFO: Run ContentReplace Behavior [ RunTime:-0.015626s ]
INFO: Run TokenBuild Behavior [ RunTime:-0.015626s ]
INFO: Run WriteHtmlCache Behavior [ RunTime:-0.015626s ]
INFO: Run ShowRuntime Behavior [ RunTime:-0.015626s ]
INFO: [ view_filter ] --END-- [ RunTime:0.000000s ]
INFO: [ view_end ] --START--
INFO: Run ShowPageTrace Behavior [ RunTime:-0.015626s ]
INFO: [ view_end ] --END-- [ RunTime:0.015625s ]

[ 2014-08-10T15:32:29+08:00 ] 220.181.51.137 /
INFO: [ app_begin ] --START--
INFO: Run ReadHtmlCache Behavior [ RunTime:0.000000s ]
INFO: [ app_begin ] --END-- [ RunTime:0.000000s ]
NOTIC: [8] Undefined index: VAR_SESSION_ID C:\upupw\htdocs\pigcms0806\Common\functions.php 第 498 行.
NOTIC: [8] Undefined index: name_id C:\upupw\htdocs\pigcms0806\Common\functions.php 第 499 行.
SQL: SHOW COLUMNS FROM `tp_links` [ RunTime:0.000000s ]
SQL: SELECT * FROM `tp_links` WHERE ( `status` = 1 )  [ RunTime:0.000000s ]
INFO: [ view_template ] --START--
INFO: Run LocationTemplate Behavior [ RunTime:-0.031251s ]
INFO: [ view_template ] --END-- [ RunTime:0.000000s ]
INFO: [ view_parse ] --START--
NOTIC: [8] Use of undefined constant uid - assumed 'uid' C:\upupw\htdocs\pigcms0806\Conf\logs\Cache\Home\921d53177c151344e729eca7c171fe97.php 第 31 行.
NOTIC: [8] Undefined index: uid C:\upupw\htdocs\pigcms0806\Conf\logs\Cache\Home\921d53177c151344e729eca7c171fe97.php 第 31 行.
INFO: Run ParseTemplate Behavior [ RunTime:-0.031251s ]
INFO: [ view_parse ] --END-- [ RunTime:0.046875s ]
INFO: [ view_filter ] --START--
INFO: Run ContentReplace Behavior [ RunTime:-0.078126s ]
INFO: Run TokenBuild Behavior [ RunTime:-0.078126s ]
INFO: Run WriteHtmlCache Behavior [ RunTime:-0.078126s ]
INFO: Run ShowRuntime Behavior [ RunTime:-0.093751s ]
INFO: [ view_filter ] --END-- [ RunTime:0.015625s ]
INFO: [ view_end ] --START--
INFO: Run ShowPageTrace Behavior [ RunTime:-0.093751s ]
INFO: [ view_end ] --END-- [ RunTime:0.000000s ]

[ 2014-08-10T16:52:24+08:00 ] 79.182.202.62 /
INFO: [ app_begin ] --START--
INFO: Run ReadHtmlCache Behavior [ RunTime:0.000000s ]
INFO: [ app_begin ] --END-- [ RunTime:0.000000s ]
NOTIC: [8] Undefined index: VAR_SESSION_ID C:\upupw\htdocs\pigcms0806\Common\functions.php 第 498 行.
NOTIC: [8] Undefined index: name_id C:\upupw\htdocs\pigcms0806\Common\functions.php 第 499 行.
SQL: SHOW COLUMNS FROM `tp_links` [ RunTime:0.000000s ]
SQL: SELECT * FROM `tp_links` WHERE ( `status` = 1 )  [ RunTime:0.000000s ]
INFO: [ view_template ] --START--
INFO: Run LocationTemplate Behavior [ RunTime:-0.031250s ]
INFO: [ view_template ] --END-- [ RunTime:0.000000s ]
INFO: [ view_parse ] --START--
NOTIC: [8] Use of undefined constant uid - assumed 'uid' C:\upupw\htdocs\pigcms0806\Conf\logs\Cache\Home\921d53177c151344e729eca7c171fe97.php 第 31 行.
NOTIC: [8] Undefined index: uid C:\upupw\htdocs\pigcms0806\Conf\logs\Cache\Home\921d53177c151344e729eca7c171fe97.php 第 31 行.
INFO: Run ParseTemplate Behavior [ RunTime:-0.031250s ]
INFO: [ view_parse ] --END-- [ RunTime:0.046876s ]
INFO: [ view_filter ] --START--
INFO: Run ContentReplace Behavior [ RunTime:-0.078126s ]
INFO: Run TokenBuild Behavior [ RunTime:-0.078126s ]
INFO: Run WriteHtmlCache Behavior [ RunTime:-0.078126s ]
INFO: Run ShowRuntime Behavior [ RunTime:-0.078126s ]
INFO: [ view_filter ] --END-- [ RunTime:0.000000s ]
INFO: [ view_end ] --START--
INFO: Run ShowPageTrace Behavior [ RunTime:-0.078126s ]
INFO: [ view_end ] --END-- [ RunTime:0.000000s ]

[ 2014-08-10T18:54:28+08:00 ] 220.181.51.140 /
INFO: [ app_begin ] --START--
INFO: Run ReadHtmlCache Behavior [ RunTime:0.000000s ]
INFO: [ app_begin ] --END-- [ RunTime:0.000000s ]
NOTIC: [8] Undefined index: VAR_SESSION_ID C:\upupw\htdocs\pigcms0806\Common\functions.php 第 498 行.
NOTIC: [8] Undefined index: name_id C:\upupw\htdocs\pigcms0806\Common\functions.php 第 499 行.
SQL: SHOW COLUMNS FROM `tp_links` [ RunTime:0.000000s ]
SQL: SELECT * FROM `tp_links` WHERE ( `status` = 1 )  [ RunTime:0.000000s ]
INFO: [ view_template ] --START--
INFO: Run LocationTemplate Behavior [ RunTime:-0.031250s ]
INFO: [ view_template ] --END-- [ RunTime:0.015626s ]
INFO: [ view_parse ] --START--
NOTIC: [8] Use of undefined constant uid - assumed 'uid' C:\upupw\htdocs\pigcms0806\Conf\logs\Cache\Home\921d53177c151344e729eca7c171fe97.php 第 31 行.
NOTIC: [8] Undefined index: uid C:\upupw\htdocs\pigcms0806\Conf\logs\Cache\Home\921d53177c151344e729eca7c171fe97.php 第 31 行.
INFO: Run ParseTemplate Behavior [ RunTime:-0.046876s ]
INFO: [ view_parse ] --END-- [ RunTime:0.031250s ]
INFO: [ view_filter ] --START--
INFO: Run ContentReplace Behavior [ RunTime:-0.078126s ]
INFO: Run TokenBuild Behavior [ RunTime:-0.078126s ]
INFO: Run WriteHtmlCache Behavior [ RunTime:-0.078126s ]
INFO: Run ShowRuntime Behavior [ RunTime:-0.078126s ]
INFO: [ view_filter ] --END-- [ RunTime:0.015625s ]
INFO: [ view_end ] --START--
INFO: Run ShowPageTrace Behavior [ RunTime:-0.093751s ]
INFO: [ view_end ] --END-- [ RunTime:0.000000s ]

[ 2014-08-10T21:57:43+08:00 ] 61.135.190.71 /
INFO: [ app_begin ] --START--
INFO: Run ReadHtmlCache Behavior [ RunTime:0.000000s ]
INFO: [ app_begin ] --END-- [ RunTime:0.000000s ]
NOTIC: [8] Undefined index: VAR_SESSION_ID C:\upupw\htdocs\pigcms0806\Common\functions.php 第 498 行.
NOTIC: [8] Undefined index: name_id C:\upupw\htdocs\pigcms0806\Common\functions.php 第 499 行.
SQL: SHOW COLUMNS FROM `tp_links` [ RunTime:0.015626s ]
SQL: SELECT * FROM `tp_links` WHERE ( `status` = 1 )  [ RunTime:0.000000s ]
INFO: [ view_template ] --START--
INFO: Run LocationTemplate Behavior [ RunTime:-0.046876s ]
INFO: [ view_template ] --END-- [ RunTime:0.000000s ]
INFO: [ view_parse ] --START--
NOTIC: [8] Use of undefined constant uid - assumed 'uid' C:\upupw\htdocs\pigcms0806\Conf\logs\Cache\Home\921d53177c151344e729eca7c171fe97.php 第 31 行.
NOTIC: [8] Undefined index: uid C:\upupw\htdocs\pigcms0806\Conf\logs\Cache\Home\921d53177c151344e729eca7c171fe97.php 第 31 行.
INFO: Run ParseTemplate Behavior [ RunTime:-0.046876s ]
INFO: [ view_parse ] --END-- [ RunTime:0.031250s ]
INFO: [ view_filter ] --START--
INFO: Run ContentReplace Behavior [ RunTime:-0.078126s ]
INFO: Run TokenBuild Behavior [ RunTime:-0.078126s ]
INFO: Run WriteHtmlCache Behavior [ RunTime:-0.093751s ]
INFO: Run ShowRuntime Behavior [ RunTime:-0.093751s ]
INFO: [ view_filter ] --END-- [ RunTime:0.015625s ]
INFO: [ view_end ] --START--
INFO: Run ShowPageTrace Behavior [ RunTime:-0.093751s ]
INFO: [ view_end ] --END-- [ RunTime:0.000000s ]

