[ 2014-08-09T01:37:40+08:00 ] 220.181.51.138 /
INFO: [ app_begin ] --START--
INFO: Run ReadHtmlCache Behavior [ RunTime:0.000000s ]
INFO: [ app_begin ] --END-- [ RunTime:0.015624s ]
NOTIC: [8] Undefined index: VAR_SESSION_ID C:\upupw\htdocs\pigcms0806\Common\functions.php 第 498 行.
NOTIC: [8] Undefined index: name_id C:\upupw\htdocs\pigcms0806\Common\functions.php 第 499 行.
SQL: SHOW COLUMNS FROM `tp_links` [ RunTime:0.000000s ]
SQL: SELECT * FROM `tp_links` WHERE ( `status` = 1 )  [ RunTime:0.000000s ]
INFO: [ view_template ] --START--
INFO: Run LocationTemplate Behavior [ RunTime:-0.046873s ]
INFO: [ view_template ] --END-- [ RunTime:0.000000s ]
INFO: [ view_parse ] --START--
NOTIC: [8] Use of undefined constant uid - assumed 'uid' C:\upupw\htdocs\pigcms0806\Conf\logs\Cache\Home\921d53177c151344e729eca7c171fe97.php 第 31 行.
NOTIC: [8] Undefined index: uid C:\upupw\htdocs\pigcms0806\Conf\logs\Cache\Home\921d53177c151344e729eca7c171fe97.php 第 31 行.
INFO: Run ParseTemplate Behavior [ RunTime:-0.046873s ]
INFO: [ view_parse ] --END-- [ RunTime:0.031249s ]
INFO: [ view_filter ] --START--
INFO: Run ContentReplace Behavior [ RunTime:-0.078122s ]
INFO: Run TokenBuild Behavior [ RunTime:-0.078122s ]
INFO: Run WriteHtmlCache Behavior [ RunTime:-0.093747s ]
INFO: Run ShowRuntime Behavior [ RunTime:-0.093747s ]
INFO: [ view_filter ] --END-- [ RunTime:0.015625s ]
INFO: [ view_end ] --START--
INFO: Run ShowPageTrace Behavior [ RunTime:-0.093747s ]
INFO: [ view_end ] --END-- [ RunTime:0.000000s ]

[ 2014-08-09T04:25:50+08:00 ] 61.135.190.197 /
INFO: [ app_begin ] --START--
INFO: Run ReadHtmlCache Behavior [ RunTime:0.015625s ]
INFO: [ app_begin ] --END-- [ RunTime:0.015625s ]
NOTIC: [8] Undefined index: VAR_SESSION_ID C:\upupw\htdocs\pigcms0806\Common\functions.php 第 498 行.
NOTIC: [8] Undefined index: name_id C:\upupw\htdocs\pigcms0806\Common\functions.php 第 499 行.
SQL: SHOW COLUMNS FROM `tp_links` [ RunTime:0.000000s ]
SQL: SELECT * FROM `tp_links` WHERE ( `status` = 1 )  [ RunTime:0.000000s ]
INFO: [ view_template ] --START--
INFO: Run LocationTemplate Behavior [ RunTime:-0.125001s ]
INFO: [ view_template ] --END-- [ RunTime:0.015625s ]
INFO: [ view_parse ] --START--
NOTIC: [8] Use of undefined constant uid - assumed 'uid' C:\upupw\htdocs\pigcms0806\Conf\logs\Cache\Home\921d53177c151344e729eca7c171fe97.php 第 31 行.
NOTIC: [8] Undefined index: uid C:\upupw\htdocs\pigcms0806\Conf\logs\Cache\Home\921d53177c151344e729eca7c171fe97.php 第 31 行.
INFO: Run ParseTemplate Behavior [ RunTime:-0.140626s ]
INFO: [ view_parse ] --END-- [ RunTime:0.140626s ]
INFO: [ view_filter ] --START--
INFO: Run ContentReplace Behavior [ RunTime:-0.281252s ]
INFO: Run TokenBuild Behavior [ RunTime:-0.281252s ]
INFO: Run WriteHtmlCache Behavior [ RunTime:-0.296877s ]
INFO: Run ShowRuntime Behavior [ RunTime:-0.296877s ]
INFO: [ view_filter ] --END-- [ RunTime:0.031250s ]
INFO: [ view_end ] --START--
INFO: Run ShowPageTrace Behavior [ RunTime:-0.312502s ]
INFO: [ view_end ] --END-- [ RunTime:0.000000s ]

[ 2014-08-09T07:35:28+08:00 ] 61.135.190.71 /
INFO: [ app_begin ] --START--
INFO: Run ReadHtmlCache Behavior [ RunTime:0.000000s ]
INFO: [ app_begin ] --END-- [ RunTime:0.000000s ]
NOTIC: [8] Undefined index: VAR_SESSION_ID C:\upupw\htdocs\pigcms0806\Common\functions.php 第 498 行.
NOTIC: [8] Undefined index: name_id C:\upupw\htdocs\pigcms0806\Common\functions.php 第 499 行.
SQL: SHOW COLUMNS FROM `tp_links` [ RunTime:0.000000s ]
SQL: SELECT * FROM `tp_links` WHERE ( `status` = 1 )  [ RunTime:0.000000s ]
INFO: [ view_template ] --START--
INFO: Run LocationTemplate Behavior [ RunTime:-0.031251s ]
INFO: [ view_template ] --END-- [ RunTime:0.015625s ]
INFO: [ view_parse ] --START--
NOTIC: [8] Use of undefined constant uid - assumed 'uid' C:\upupw\htdocs\pigcms0806\Conf\logs\Cache\Home\921d53177c151344e729eca7c171fe97.php 第 31 行.
NOTIC: [8] Undefined index: uid C:\upupw\htdocs\pigcms0806\Conf\logs\Cache\Home\921d53177c151344e729eca7c171fe97.php 第 31 行.
INFO: Run ParseTemplate Behavior [ RunTime:-0.046876s ]
INFO: [ view_parse ] --END-- [ RunTime:0.031251s ]
INFO: [ view_filter ] --START--
INFO: Run ContentReplace Behavior [ RunTime:-0.078127s ]
INFO: Run TokenBuild Behavior [ RunTime:-0.078127s ]
INFO: Run WriteHtmlCache Behavior [ RunTime:-0.078127s ]
INFO: Run ShowRuntime Behavior [ RunTime:-0.093752s ]
INFO: [ view_filter ] --END-- [ RunTime:0.015625s ]
INFO: [ view_end ] --START--
INFO: Run ShowPageTrace Behavior [ RunTime:-0.093752s ]
INFO: [ view_end ] --END-- [ RunTime:0.000000s ]

[ 2014-08-09T10:49:48+08:00 ] 220.181.51.137 /
INFO: [ app_begin ] --START--
INFO: Run ReadHtmlCache Behavior [ RunTime:0.000000s ]
INFO: [ app_begin ] --END-- [ RunTime:0.000000s ]
NOTIC: [8] Undefined index: VAR_SESSION_ID C:\upupw\htdocs\pigcms0806\Common\functions.php 第 498 行.
NOTIC: [8] Undefined index: name_id C:\upupw\htdocs\pigcms0806\Common\functions.php 第 499 行.
SQL: SHOW COLUMNS FROM `tp_links` [ RunTime:0.015625s ]
SQL: SELECT * FROM `tp_links` WHERE ( `status` = 1 )  [ RunTime:0.000000s ]
INFO: [ view_template ] --START--
INFO: Run LocationTemplate Behavior [ RunTime:-0.046876s ]
INFO: [ view_template ] --END-- [ RunTime:0.000000s ]
INFO: [ view_parse ] --START--
NOTIC: [8] Use of undefined constant uid - assumed 'uid' C:\upupw\htdocs\pigcms0806\Conf\logs\Cache\Home\921d53177c151344e729eca7c171fe97.php 第 31 行.
NOTIC: [8] Undefined index: uid C:\upupw\htdocs\pigcms0806\Conf\logs\Cache\Home\921d53177c151344e729eca7c171fe97.php 第 31 行.
INFO: Run ParseTemplate Behavior [ RunTime:-0.046876s ]
INFO: [ view_parse ] --END-- [ RunTime:0.031251s ]
INFO: [ view_filter ] --START--
INFO: Run ContentReplace Behavior [ RunTime:-0.078127s ]
INFO: Run TokenBuild Behavior [ RunTime:-0.078127s ]
INFO: Run WriteHtmlCache Behavior [ RunTime:-0.093752s ]
INFO: Run ShowRuntime Behavior [ RunTime:-0.093752s ]
INFO: [ view_filter ] --END-- [ RunTime:0.015625s ]
INFO: [ view_end ] --START--
INFO: Run ShowPageTrace Behavior [ RunTime:-0.093752s ]
INFO: [ view_end ] --END-- [ RunTime:0.000000s ]

[ 2014-08-09T13:17:22+08:00 ] 14.17.18.152 /
INFO: [ app_begin ] --START--
INFO: Run ReadHtmlCache Behavior [ RunTime:0.000000s ]
INFO: [ app_begin ] --END-- [ RunTime:0.000000s ]
NOTIC: [8] Undefined index: VAR_SESSION_ID C:\upupw\htdocs\pigcms0806\Common\functions.php 第 498 行.
NOTIC: [8] Undefined index: name_id C:\upupw\htdocs\pigcms0806\Common\functions.php 第 499 行.
SQL: SHOW COLUMNS FROM `tp_links` [ RunTime:0.000000s ]
SQL: SELECT * FROM `tp_links` WHERE ( `status` = 1 )  [ RunTime:0.000000s ]
INFO: [ view_template ] --START--
INFO: Run LocationTemplate Behavior [ RunTime:-0.062501s ]
INFO: [ view_template ] --END-- [ RunTime:0.015625s ]
INFO: [ view_parse ] --START--
NOTIC: [8] Use of undefined constant uid - assumed 'uid' C:\upupw\htdocs\pigcms0806\Conf\logs\Cache\Home\921d53177c151344e729eca7c171fe97.php 第 31 行.
NOTIC: [8] Undefined index: uid C:\upupw\htdocs\pigcms0806\Conf\logs\Cache\Home\921d53177c151344e729eca7c171fe97.php 第 31 行.
INFO: Run ParseTemplate Behavior [ RunTime:-0.078126s ]
INFO: [ view_parse ] --END-- [ RunTime:0.031251s ]
INFO: [ view_filter ] --START--
INFO: Run ContentReplace Behavior [ RunTime:-0.109377s ]
INFO: Run TokenBuild Behavior [ RunTime:-0.109377s ]
INFO: Run WriteHtmlCache Behavior [ RunTime:-0.109377s ]
INFO: Run ShowRuntime Behavior [ RunTime:-0.125002s ]
INFO: [ view_filter ] --END-- [ RunTime:0.015625s ]
INFO: [ view_end ] --START--
INFO: Run ShowPageTrace Behavior [ RunTime:-0.125002s ]
INFO: [ view_end ] --END-- [ RunTime:0.000000s ]

[ 2014-08-09T13:17:22+08:00 ] 124.205.129.103 /
INFO: [ app_begin ] --START--
INFO: Run ReadHtmlCache Behavior [ RunTime:0.000000s ]
INFO: [ app_begin ] --END-- [ RunTime:0.000000s ]
NOTIC: [8] Undefined index: VAR_SESSION_ID C:\upupw\htdocs\pigcms0806\Common\functions.php 第 498 行.
NOTIC: [8] Undefined index: name_id C:\upupw\htdocs\pigcms0806\Common\functions.php 第 499 行.
SQL: SHOW COLUMNS FROM `tp_links` [ RunTime:0.000000s ]
SQL: SELECT * FROM `tp_links` WHERE ( `status` = 1 )  [ RunTime:0.000000s ]
INFO: [ view_template ] --START--
INFO: Run LocationTemplate Behavior [ RunTime:-0.031251s ]
INFO: [ view_template ] --END-- [ RunTime:0.015625s ]
INFO: [ view_parse ] --START--
NOTIC: [8] Use of undefined constant uid - assumed 'uid' C:\upupw\htdocs\pigcms0806\Conf\logs\Cache\Home\921d53177c151344e729eca7c171fe97.php 第 31 行.
NOTIC: [8] Undefined index: uid C:\upupw\htdocs\pigcms0806\Conf\logs\Cache\Home\921d53177c151344e729eca7c171fe97.php 第 31 行.
INFO: Run ParseTemplate Behavior [ RunTime:-0.046876s ]
INFO: [ view_parse ] --END-- [ RunTime:0.031251s ]
INFO: [ view_filter ] --START--
INFO: Run ContentReplace Behavior [ RunTime:-0.078127s ]
INFO: Run TokenBuild Behavior [ RunTime:-0.078127s ]
INFO: Run WriteHtmlCache Behavior [ RunTime:-0.078127s ]
INFO: Run ShowRuntime Behavior [ RunTime:-0.093752s ]
INFO: [ view_filter ] --END-- [ RunTime:0.015625s ]
INFO: [ view_end ] --START--
INFO: Run ShowPageTrace Behavior [ RunTime:-0.093752s ]
INFO: [ view_end ] --END-- [ RunTime:0.000000s ]

[ 2014-08-09T13:59:06+08:00 ] 220.181.51.146 /
INFO: [ app_begin ] --START--
INFO: Run ReadHtmlCache Behavior [ RunTime:0.000000s ]
INFO: [ app_begin ] --END-- [ RunTime:0.000000s ]
NOTIC: [8] Undefined index: VAR_SESSION_ID C:\upupw\htdocs\pigcms0806\Common\functions.php 第 498 行.
NOTIC: [8] Undefined index: name_id C:\upupw\htdocs\pigcms0806\Common\functions.php 第 499 行.
SQL: SHOW COLUMNS FROM `tp_links` [ RunTime:0.000000s ]
SQL: SELECT * FROM `tp_links` WHERE ( `status` = 1 )  [ RunTime:0.000000s ]
INFO: [ view_template ] --START--
INFO: Run LocationTemplate Behavior [ RunTime:-0.031250s ]
INFO: [ view_template ] --END-- [ RunTime:0.015625s ]
INFO: [ view_parse ] --START--
NOTIC: [8] Use of undefined constant uid - assumed 'uid' C:\upupw\htdocs\pigcms0806\Conf\logs\Cache\Home\921d53177c151344e729eca7c171fe97.php 第 31 行.
NOTIC: [8] Undefined index: uid C:\upupw\htdocs\pigcms0806\Conf\logs\Cache\Home\921d53177c151344e729eca7c171fe97.php 第 31 行.
INFO: Run ParseTemplate Behavior [ RunTime:-0.046875s ]
INFO: [ view_parse ] --END-- [ RunTime:0.031251s ]
INFO: [ view_filter ] --START--
INFO: Run ContentReplace Behavior [ RunTime:-0.078126s ]
INFO: Run TokenBuild Behavior [ RunTime:-0.078126s ]
INFO: Run WriteHtmlCache Behavior [ RunTime:-0.078126s ]
INFO: Run ShowRuntime Behavior [ RunTime:-0.078126s ]
INFO: [ view_filter ] --END-- [ RunTime:0.015625s ]
INFO: [ view_end ] --START--
INFO: Run ShowPageTrace Behavior [ RunTime:-0.093751s ]
INFO: [ view_end ] --END-- [ RunTime:0.000000s ]

[ 2014-08-09T17:10:29+08:00 ] 113.254.120.120 /
INFO: [ app_begin ] --START--
INFO: Run ReadHtmlCache Behavior [ RunTime:0.000000s ]
INFO: [ app_begin ] --END-- [ RunTime:0.000000s ]
NOTIC: [8] Undefined index: VAR_SESSION_ID C:\upupw\htdocs\pigcms0806\Common\functions.php 第 498 行.
NOTIC: [8] Undefined index: name_id C:\upupw\htdocs\pigcms0806\Common\functions.php 第 499 行.
SQL: SHOW COLUMNS FROM `tp_links` [ RunTime:0.000000s ]
SQL: SELECT * FROM `tp_links` WHERE ( `status` = 1 )  [ RunTime:0.000000s ]
INFO: [ view_template ] --START--
INFO: Run LocationTemplate Behavior [ RunTime:-0.031251s ]
INFO: [ view_template ] --END-- [ RunTime:0.000000s ]
INFO: [ view_parse ] --START--
NOTIC: [8] Use of undefined constant uid - assumed 'uid' C:\upupw\htdocs\pigcms0806\Conf\logs\Cache\Home\921d53177c151344e729eca7c171fe97.php 第 31 行.
NOTIC: [8] Undefined index: uid C:\upupw\htdocs\pigcms0806\Conf\logs\Cache\Home\921d53177c151344e729eca7c171fe97.php 第 31 行.
INFO: Run ParseTemplate Behavior [ RunTime:-0.031251s ]
INFO: [ view_parse ] --END-- [ RunTime:0.046875s ]
INFO: [ view_filter ] --START--
INFO: Run ContentReplace Behavior [ RunTime:-0.078126s ]
INFO: Run TokenBuild Behavior [ RunTime:-0.078126s ]
INFO: Run WriteHtmlCache Behavior [ RunTime:-0.078126s ]
INFO: Run ShowRuntime Behavior [ RunTime:-0.078126s ]
INFO: [ view_filter ] --END-- [ RunTime:0.000000s ]
INFO: [ view_end ] --START--
INFO: Run ShowPageTrace Behavior [ RunTime:-0.078126s ]
INFO: [ view_end ] --END-- [ RunTime:0.000000s ]

[ 2014-08-09T17:37:30+08:00 ] 220.181.51.136 /
INFO: [ app_begin ] --START--
INFO: Run ReadHtmlCache Behavior [ RunTime:0.000000s ]
INFO: [ app_begin ] --END-- [ RunTime:0.000000s ]
NOTIC: [8] Undefined index: VAR_SESSION_ID C:\upupw\htdocs\pigcms0806\Common\functions.php 第 498 行.
NOTIC: [8] Undefined index: name_id C:\upupw\htdocs\pigcms0806\Common\functions.php 第 499 行.
SQL: SHOW COLUMNS FROM `tp_links` [ RunTime:0.000000s ]
SQL: SELECT * FROM `tp_links` WHERE ( `status` = 1 )  [ RunTime:0.000000s ]
INFO: [ view_template ] --START--
INFO: Run LocationTemplate Behavior [ RunTime:-0.046875s ]
INFO: [ view_template ] --END-- [ RunTime:0.000000s ]
INFO: [ view_parse ] --START--
NOTIC: [8] Use of undefined constant uid - assumed 'uid' C:\upupw\htdocs\pigcms0806\Conf\logs\Cache\Home\921d53177c151344e729eca7c171fe97.php 第 31 行.
NOTIC: [8] Undefined index: uid C:\upupw\htdocs\pigcms0806\Conf\logs\Cache\Home\921d53177c151344e729eca7c171fe97.php 第 31 行.
INFO: Run ParseTemplate Behavior [ RunTime:-0.046875s ]
INFO: [ view_parse ] --END-- [ RunTime:0.031251s ]
INFO: [ view_filter ] --START--
INFO: Run ContentReplace Behavior [ RunTime:-0.078126s ]
INFO: Run TokenBuild Behavior [ RunTime:-0.093751s ]
INFO: Run WriteHtmlCache Behavior [ RunTime:-0.093751s ]
INFO: Run ShowRuntime Behavior [ RunTime:-0.093751s ]
INFO: [ view_filter ] --END-- [ RunTime:0.015625s ]
INFO: [ view_end ] --START--
INFO: Run ShowPageTrace Behavior [ RunTime:-0.093751s ]
INFO: [ view_end ] --END-- [ RunTime:0.000000s ]

[ 2014-08-09T20:29:03+08:00 ] 220.181.51.136 /
INFO: [ app_begin ] --START--
INFO: Run ReadHtmlCache Behavior [ RunTime:0.000000s ]
INFO: [ app_begin ] --END-- [ RunTime:0.000000s ]
NOTIC: [8] Undefined index: VAR_SESSION_ID C:\upupw\htdocs\pigcms0806\Common\functions.php 第 498 行.
NOTIC: [8] Undefined index: name_id C:\upupw\htdocs\pigcms0806\Common\functions.php 第 499 行.
SQL: SHOW COLUMNS FROM `tp_links` [ RunTime:0.015625s ]
SQL: SELECT * FROM `tp_links` WHERE ( `status` = 1 )  [ RunTime:0.000000s ]
INFO: [ view_template ] --START--
INFO: Run LocationTemplate Behavior [ RunTime:-0.046876s ]
INFO: [ view_template ] --END-- [ RunTime:0.000000s ]
INFO: [ view_parse ] --START--
NOTIC: [8] Use of undefined constant uid - assumed 'uid' C:\upupw\htdocs\pigcms0806\Conf\logs\Cache\Home\921d53177c151344e729eca7c171fe97.php 第 31 行.
NOTIC: [8] Undefined index: uid C:\upupw\htdocs\pigcms0806\Conf\logs\Cache\Home\921d53177c151344e729eca7c171fe97.php 第 31 行.
INFO: Run ParseTemplate Behavior [ RunTime:-0.046876s ]
INFO: [ view_parse ] --END-- [ RunTime:0.031250s ]
INFO: [ view_filter ] --START--
INFO: Run ContentReplace Behavior [ RunTime:-0.078126s ]
INFO: Run TokenBuild Behavior [ RunTime:-0.078126s ]
INFO: Run WriteHtmlCache Behavior [ RunTime:-0.093751s ]
INFO: Run ShowRuntime Behavior [ RunTime:-0.093751s ]
INFO: [ view_filter ] --END-- [ RunTime:0.015625s ]
INFO: [ view_end ] --START--
INFO: Run ShowPageTrace Behavior [ RunTime:-0.093751s ]
INFO: [ view_end ] --END-- [ RunTime:0.000000s ]

[ 2014-08-09T23:36:17+08:00 ] 61.135.190.199 /
INFO: [ app_begin ] --START--
INFO: Run ReadHtmlCache Behavior [ RunTime:0.000000s ]
INFO: [ app_begin ] --END-- [ RunTime:0.000000s ]
NOTIC: [8] Undefined index: VAR_SESSION_ID C:\upupw\htdocs\pigcms0806\Common\functions.php 第 498 行.
NOTIC: [8] Undefined index: name_id C:\upupw\htdocs\pigcms0806\Common\functions.php 第 499 行.
SQL: SHOW COLUMNS FROM `tp_links` [ RunTime:0.000000s ]
SQL: SELECT * FROM `tp_links` WHERE ( `status` = 1 )  [ RunTime:0.000000s ]
INFO: [ view_template ] --START--
INFO: Run LocationTemplate Behavior [ RunTime:-0.031251s ]
INFO: [ view_template ] --END-- [ RunTime:0.015625s ]
INFO: [ view_parse ] --START--
NOTIC: [8] Use of undefined constant uid - assumed 'uid' C:\upupw\htdocs\pigcms0806\Conf\logs\Cache\Home\921d53177c151344e729eca7c171fe97.php 第 31 行.
NOTIC: [8] Undefined index: uid C:\upupw\htdocs\pigcms0806\Conf\logs\Cache\Home\921d53177c151344e729eca7c171fe97.php 第 31 行.
INFO: Run ParseTemplate Behavior [ RunTime:-0.046876s ]
INFO: [ view_parse ] --END-- [ RunTime:0.031251s ]
INFO: [ view_filter ] --START--
INFO: Run ContentReplace Behavior [ RunTime:-0.078127s ]
INFO: Run TokenBuild Behavior [ RunTime:-0.078127s ]
INFO: Run WriteHtmlCache Behavior [ RunTime:-0.078127s ]
INFO: Run ShowRuntime Behavior [ RunTime:-0.078127s ]
INFO: [ view_filter ] --END-- [ RunTime:0.015625s ]
INFO: [ view_end ] --START--
INFO: Run ShowPageTrace Behavior [ RunTime:-0.093752s ]
INFO: [ view_end ] --END-- [ RunTime:0.000000s ]

